gain	0	1	-124.85
gain	1	0	-125.41
gain	0	2	-122.60
gain	2	0	-124.36
gain	0	3	-128.28
gain	3	0	-131.79
gain	0	4	-138.50
gain	4	0	-139.05
gain	0	5	-147.46
gain	5	0	-147.90
gain	0	6	-148.94
gain	6	0	-150.66
gain	0	7	-121.39
gain	7	0	-125.18
gain	0	8	-119.79
gain	8	0	-119.87
gain	0	9	-120.83
gain	9	0	-122.95
gain	0	10	-136.25
gain	10	0	-137.90
gain	0	11	-145.08
gain	11	0	-146.71
gain	0	12	-136.12
gain	12	0	-139.22
gain	0	13	-149.72
gain	13	0	-150.75
gain	0	14	-129.03
gain	14	0	-131.10
gain	0	15	-127.06
gain	15	0	-129.85
gain	0	16	-132.87
gain	16	0	-133.68
gain	0	17	-134.26
gain	17	0	-135.75
gain	0	18	-148.00
gain	18	0	-149.94
gain	0	19	-144.04
gain	19	0	-145.35
gain	0	20	-152.29
gain	20	0	-156.06
gain	0	21	-129.22
gain	21	0	-130.89
gain	0	22	-137.70
gain	22	0	-137.00
gain	0	23	-136.30
gain	23	0	-140.18
gain	0	24	-140.91
gain	24	0	-144.28
gain	0	25	-148.90
gain	25	0	-150.73
gain	0	26	-140.63
gain	26	0	-141.10
gain	0	27	-146.75
gain	27	0	-148.48
gain	0	28	-132.18
gain	28	0	-134.24
gain	0	29	-136.70
gain	29	0	-136.90
gain	0	30	-138.03
gain	30	0	-139.79
gain	0	31	-147.10
gain	31	0	-148.30
gain	0	32	-147.02
gain	32	0	-148.36
gain	0	33	-147.79
gain	33	0	-149.18
gain	0	34	-151.39
gain	34	0	-150.50
gain	0	35	-142.02
gain	35	0	-142.57
gain	0	36	-146.73
gain	36	0	-148.40
gain	0	37	-142.59
gain	37	0	-142.77
gain	0	38	-154.12
gain	38	0	-154.47
gain	0	39	-153.89
gain	39	0	-153.57
gain	0	40	-149.35
gain	40	0	-150.92
gain	0	41	-151.12
gain	41	0	-150.91
gain	0	42	-148.75
gain	42	0	-149.29
gain	0	43	-145.41
gain	43	0	-147.04
gain	0	44	-146.57
gain	44	0	-147.30
gain	0	45	-150.40
gain	45	0	-152.75
gain	0	46	-151.23
gain	46	0	-153.22
gain	0	47	-157.88
gain	47	0	-158.12
gain	0	48	-148.36
gain	48	0	-151.45
gain	1	2	-94.95
gain	2	1	-96.15
gain	1	3	-116.40
gain	3	1	-119.35
gain	1	4	-132.72
gain	4	1	-132.71
gain	1	5	-141.02
gain	5	1	-140.90
gain	1	6	-141.55
gain	6	1	-142.71
gain	1	7	-125.83
gain	7	1	-129.06
gain	1	8	-110.33
gain	8	1	-109.85
gain	1	9	-112.64
gain	9	1	-114.19
gain	1	10	-126.57
gain	10	1	-127.66
gain	1	11	-129.01
gain	11	1	-130.08
gain	1	12	-138.04
gain	12	1	-140.57
gain	1	13	-140.47
gain	13	1	-140.93
gain	1	14	-124.95
gain	14	1	-126.46
gain	1	15	-127.15
gain	15	1	-129.38
gain	1	16	-125.47
gain	16	1	-125.72
gain	1	17	-139.40
gain	17	1	-140.32
gain	1	18	-132.42
gain	18	1	-133.80
gain	1	19	-141.51
gain	19	1	-142.26
gain	1	20	-148.51
gain	20	1	-151.72
gain	1	21	-131.78
gain	21	1	-132.89
gain	1	22	-131.40
gain	22	1	-130.13
gain	1	23	-133.84
gain	23	1	-137.17
gain	1	24	-138.20
gain	24	1	-141.00
gain	1	25	-141.73
gain	25	1	-143.00
gain	1	26	-140.08
gain	26	1	-139.99
gain	1	27	-150.38
gain	27	1	-151.54
gain	1	28	-136.09
gain	28	1	-137.58
gain	1	29	-142.34
gain	29	1	-141.98
gain	1	30	-142.31
gain	30	1	-143.50
gain	1	31	-139.23
gain	31	1	-139.86
gain	1	32	-146.61
gain	32	1	-147.39
gain	1	33	-145.80
gain	33	1	-146.62
gain	1	34	-148.33
gain	34	1	-146.88
gain	1	35	-141.12
gain	35	1	-141.11
gain	1	36	-148.09
gain	36	1	-149.20
gain	1	37	-139.48
gain	37	1	-139.09
gain	1	38	-147.29
gain	38	1	-147.08
gain	1	39	-143.68
gain	39	1	-142.80
gain	1	40	-150.46
gain	40	1	-151.47
gain	1	41	-150.14
gain	41	1	-149.37
gain	1	42	-149.82
gain	42	1	-149.79
gain	1	43	-146.41
gain	43	1	-147.48
gain	1	44	-141.77
gain	44	1	-141.93
gain	1	45	-150.36
gain	45	1	-152.14
gain	1	46	-148.06
gain	46	1	-149.48
gain	1	47	-145.88
gain	47	1	-145.56
gain	1	48	-150.92
gain	48	1	-153.45
gain	2	3	-118.20
gain	3	2	-119.95
gain	2	4	-129.97
gain	4	2	-128.75
gain	2	5	-137.01
gain	5	2	-135.69
gain	2	6	-143.35
gain	6	2	-143.31
gain	2	7	-131.97
gain	7	2	-134.00
gain	2	8	-112.15
gain	8	2	-110.47
gain	2	9	-121.20
gain	9	2	-121.55
gain	2	10	-117.71
gain	10	2	-117.59
gain	2	11	-127.09
gain	11	2	-126.95
gain	2	12	-137.00
gain	12	2	-138.33
gain	2	13	-139.25
gain	13	2	-138.51
gain	2	14	-127.92
gain	14	2	-128.23
gain	2	15	-120.38
gain	15	2	-121.40
gain	2	16	-126.42
gain	16	2	-125.48
gain	2	17	-135.17
gain	17	2	-134.89
gain	2	18	-133.24
gain	18	2	-133.42
gain	2	19	-136.62
gain	19	2	-136.17
gain	2	20	-148.20
gain	20	2	-150.21
gain	2	21	-138.80
gain	21	2	-138.71
gain	2	22	-137.63
gain	22	2	-135.17
gain	2	23	-131.69
gain	23	2	-133.81
gain	2	24	-136.71
gain	24	2	-138.31
gain	2	25	-142.54
gain	25	2	-142.61
gain	2	26	-140.31
gain	26	2	-139.01
gain	2	27	-150.37
gain	27	2	-150.33
gain	2	28	-139.65
gain	28	2	-139.94
gain	2	29	-137.90
gain	29	2	-136.34
gain	2	30	-139.80
gain	30	2	-139.80
gain	2	31	-141.95
gain	31	2	-141.38
gain	2	32	-138.72
gain	32	2	-138.30
gain	2	33	-150.09
gain	33	2	-149.71
gain	2	34	-146.98
gain	34	2	-144.34
gain	2	35	-145.06
gain	35	2	-143.86
gain	2	36	-145.65
gain	36	2	-145.56
gain	2	37	-140.44
gain	37	2	-138.86
gain	2	38	-146.47
gain	38	2	-145.05
gain	2	39	-148.89
gain	39	2	-146.80
gain	2	40	-149.08
gain	40	2	-148.89
gain	2	41	-150.08
gain	41	2	-148.10
gain	2	42	-148.66
gain	42	2	-147.43
gain	2	43	-151.74
gain	43	2	-151.61
gain	2	44	-147.37
gain	44	2	-146.33
gain	2	45	-150.12
gain	45	2	-150.70
gain	2	46	-149.22
gain	46	2	-149.44
gain	2	47	-142.82
gain	47	2	-141.29
gain	2	48	-151.30
gain	48	2	-152.63
gain	3	4	-122.39
gain	4	3	-119.43
gain	3	5	-134.03
gain	5	3	-130.97
gain	3	6	-137.13
gain	6	3	-135.34
gain	3	7	-132.88
gain	7	3	-133.16
gain	3	8	-120.77
gain	8	3	-117.34
gain	3	9	-113.87
gain	9	3	-112.48
gain	3	10	-105.56
gain	10	3	-103.70
gain	3	11	-113.54
gain	11	3	-111.67
gain	3	12	-124.94
gain	12	3	-124.53
gain	3	13	-138.16
gain	13	3	-135.68
gain	3	14	-137.80
gain	14	3	-136.36
gain	3	15	-126.35
gain	15	3	-125.63
gain	3	16	-125.77
gain	16	3	-123.08
gain	3	17	-127.90
gain	17	3	-125.88
gain	3	18	-136.06
gain	18	3	-134.49
gain	3	19	-130.16
gain	19	3	-127.97
gain	3	20	-136.99
gain	20	3	-137.25
gain	3	21	-141.66
gain	21	3	-139.82
gain	3	22	-138.71
gain	22	3	-134.50
gain	3	23	-132.57
gain	23	3	-132.95
gain	3	24	-135.04
gain	24	3	-134.89
gain	3	25	-135.56
gain	25	3	-133.88
gain	3	26	-131.70
gain	26	3	-128.66
gain	3	27	-138.07
gain	27	3	-136.29
gain	3	28	-142.94
gain	28	3	-141.48
gain	3	29	-138.66
gain	29	3	-135.35
gain	3	30	-138.04
gain	30	3	-136.28
gain	3	31	-137.82
gain	31	3	-135.51
gain	3	32	-141.23
gain	32	3	-139.06
gain	3	33	-145.85
gain	33	3	-143.74
gain	3	34	-145.51
gain	34	3	-141.12
gain	3	35	-147.83
gain	35	3	-144.88
gain	3	36	-143.80
gain	36	3	-141.96
gain	3	37	-141.32
gain	37	3	-137.99
gain	3	38	-149.52
gain	38	3	-146.36
gain	3	39	-145.07
gain	39	3	-141.23
gain	3	40	-144.74
gain	40	3	-142.81
gain	3	41	-146.40
gain	41	3	-142.68
gain	3	42	-148.23
gain	42	3	-145.26
gain	3	43	-151.39
gain	43	3	-149.52
gain	3	44	-148.03
gain	44	3	-145.25
gain	3	45	-152.80
gain	45	3	-151.64
gain	3	46	-143.23
gain	46	3	-141.71
gain	3	47	-143.83
gain	47	3	-140.56
gain	3	48	-147.72
gain	48	3	-147.30
gain	4	5	-106.20
gain	5	4	-106.10
gain	4	6	-126.17
gain	6	4	-127.34
gain	4	7	-139.08
gain	7	4	-142.32
gain	4	8	-127.21
gain	8	4	-126.75
gain	4	9	-131.90
gain	9	4	-133.47
gain	4	10	-123.98
gain	10	4	-125.08
gain	4	11	-107.57
gain	11	4	-108.66
gain	4	12	-111.76
gain	12	4	-114.31
gain	4	13	-127.82
gain	13	4	-128.30
gain	4	14	-132.63
gain	14	4	-134.15
gain	4	15	-128.44
gain	15	4	-130.68
gain	4	16	-132.45
gain	16	4	-132.72
gain	4	17	-125.66
gain	17	4	-126.59
gain	4	18	-121.90
gain	18	4	-123.29
gain	4	19	-123.22
gain	19	4	-123.98
gain	4	20	-131.88
gain	20	4	-135.11
gain	4	21	-138.60
gain	21	4	-139.73
gain	4	22	-136.28
gain	22	4	-135.04
gain	4	23	-137.08
gain	23	4	-140.42
gain	4	24	-134.63
gain	24	4	-137.45
gain	4	25	-128.10
gain	25	4	-129.39
gain	4	26	-134.29
gain	26	4	-134.21
gain	4	27	-131.24
gain	27	4	-132.42
gain	4	28	-146.65
gain	28	4	-148.16
gain	4	29	-139.30
gain	29	4	-138.96
gain	4	30	-143.60
gain	30	4	-144.81
gain	4	31	-136.12
gain	31	4	-136.77
gain	4	32	-134.81
gain	32	4	-135.61
gain	4	33	-139.08
gain	33	4	-139.92
gain	4	34	-136.67
gain	34	4	-135.24
gain	4	35	-151.42
gain	35	4	-151.43
gain	4	36	-151.04
gain	36	4	-152.17
gain	4	37	-142.58
gain	37	4	-142.21
gain	4	38	-144.07
gain	38	4	-143.87
gain	4	39	-144.65
gain	39	4	-143.77
gain	4	40	-139.60
gain	40	4	-140.63
gain	4	41	-142.35
gain	41	4	-141.58
gain	4	42	-152.82
gain	42	4	-152.81
gain	4	43	-151.02
gain	43	4	-152.11
gain	4	44	-147.24
gain	44	4	-147.41
gain	4	45	-136.93
gain	45	4	-138.73
gain	4	46	-147.61
gain	46	4	-149.05
gain	4	47	-140.88
gain	47	4	-140.57
gain	4	48	-139.34
gain	48	4	-141.88
gain	5	6	-113.09
gain	6	5	-114.37
gain	5	7	-140.96
gain	7	5	-144.31
gain	5	8	-137.44
gain	8	5	-137.07
gain	5	9	-133.93
gain	9	5	-135.60
gain	5	10	-125.37
gain	10	5	-126.58
gain	5	11	-117.57
gain	11	5	-118.76
gain	5	12	-117.17
gain	12	5	-119.82
gain	5	13	-124.08
gain	13	5	-124.66
gain	5	14	-142.41
gain	14	5	-144.03
gain	5	15	-141.60
gain	15	5	-143.94
gain	5	16	-136.14
gain	16	5	-136.51
gain	5	17	-132.22
gain	17	5	-133.26
gain	5	18	-126.82
gain	18	5	-128.31
gain	5	19	-121.27
gain	19	5	-122.14
gain	5	20	-133.03
gain	20	5	-136.35
gain	5	21	-143.09
gain	21	5	-144.32
gain	5	22	-140.69
gain	22	5	-139.54
gain	5	23	-137.26
gain	23	5	-140.70
gain	5	24	-136.75
gain	24	5	-139.67
gain	5	25	-128.09
gain	25	5	-129.48
gain	5	26	-135.36
gain	26	5	-135.38
gain	5	27	-124.27
gain	27	5	-125.56
gain	5	28	-151.02
gain	28	5	-152.63
gain	5	29	-141.21
gain	29	5	-140.96
gain	5	30	-139.08
gain	30	5	-140.39
gain	5	31	-139.90
gain	31	5	-140.65
gain	5	32	-136.03
gain	32	5	-136.93
gain	5	33	-137.60
gain	33	5	-138.55
gain	5	34	-137.54
gain	34	5	-136.21
gain	5	35	-153.50
gain	35	5	-153.61
gain	5	36	-145.17
gain	36	5	-146.40
gain	5	37	-150.30
gain	37	5	-150.03
gain	5	38	-146.16
gain	38	5	-146.07
gain	5	39	-147.75
gain	39	5	-146.98
gain	5	40	-145.03
gain	40	5	-146.15
gain	5	41	-140.51
gain	41	5	-139.85
gain	5	42	-149.38
gain	42	5	-149.47
gain	5	43	-151.25
gain	43	5	-152.44
gain	5	44	-146.08
gain	44	5	-146.36
gain	5	45	-148.88
gain	45	5	-150.79
gain	5	46	-150.58
gain	46	5	-152.12
gain	5	47	-145.39
gain	47	5	-145.19
gain	5	48	-145.11
gain	48	5	-147.75
gain	6	7	-146.49
gain	7	6	-148.56
gain	6	8	-143.61
gain	8	6	-141.96
gain	6	9	-137.55
gain	9	6	-137.94
gain	6	10	-141.36
gain	10	6	-141.28
gain	6	11	-125.95
gain	11	6	-125.86
gain	6	12	-126.69
gain	12	6	-128.06
gain	6	13	-122.29
gain	13	6	-121.59
gain	6	14	-151.27
gain	14	6	-151.61
gain	6	15	-149.08
gain	15	6	-150.14
gain	6	16	-146.88
gain	16	6	-145.97
gain	6	17	-147.21
gain	17	6	-146.97
gain	6	18	-131.62
gain	18	6	-131.83
gain	6	19	-128.82
gain	19	6	-128.41
gain	6	20	-133.00
gain	20	6	-135.04
gain	6	21	-154.91
gain	21	6	-154.86
gain	6	22	-145.20
gain	22	6	-142.77
gain	6	23	-143.41
gain	23	6	-145.58
gain	6	24	-141.05
gain	24	6	-142.69
gain	6	25	-130.30
gain	25	6	-130.41
gain	6	26	-135.37
gain	26	6	-134.11
gain	6	27	-134.62
gain	27	6	-134.62
gain	6	28	-148.71
gain	28	6	-149.04
gain	6	29	-149.29
gain	29	6	-147.76
gain	6	30	-149.69
gain	30	6	-149.72
gain	6	31	-141.36
gain	31	6	-140.83
gain	6	32	-136.08
gain	32	6	-135.70
gain	6	33	-148.81
gain	33	6	-148.47
gain	6	34	-141.96
gain	34	6	-139.35
gain	6	35	-151.31
gain	35	6	-150.14
gain	6	36	-155.98
gain	36	6	-155.93
gain	6	37	-150.82
gain	37	6	-149.28
gain	6	38	-151.75
gain	38	6	-150.37
gain	6	39	-144.84
gain	39	6	-142.78
gain	6	40	-151.51
gain	40	6	-151.36
gain	6	41	-145.77
gain	41	6	-143.83
gain	6	42	-153.73
gain	42	6	-152.54
gain	6	43	-153.75
gain	43	6	-153.65
gain	6	44	-154.68
gain	44	6	-153.68
gain	6	45	-154.89
gain	45	6	-155.51
gain	6	46	-149.22
gain	46	6	-149.49
gain	6	47	-150.83
gain	47	6	-149.34
gain	6	48	-142.74
gain	48	6	-144.10
gain	7	8	-121.18
gain	8	7	-117.47
gain	7	9	-127.51
gain	9	7	-125.83
gain	7	10	-143.84
gain	10	7	-141.69
gain	7	11	-141.33
gain	11	7	-139.17
gain	7	12	-148.18
gain	12	7	-147.48
gain	7	13	-154.23
gain	13	7	-151.47
gain	7	14	-110.32
gain	14	7	-108.60
gain	7	15	-118.59
gain	15	7	-117.59
gain	7	16	-127.01
gain	16	7	-124.04
gain	7	17	-135.26
gain	17	7	-132.96
gain	7	18	-139.14
gain	18	7	-137.28
gain	7	19	-149.25
gain	19	7	-146.78
gain	7	20	-158.37
gain	20	7	-158.35
gain	7	21	-115.51
gain	21	7	-113.39
gain	7	22	-133.22
gain	22	7	-128.73
gain	7	23	-134.60
gain	23	7	-134.70
gain	7	24	-139.05
gain	24	7	-138.62
gain	7	25	-142.47
gain	25	7	-140.51
gain	7	26	-145.69
gain	26	7	-142.36
gain	7	27	-144.26
gain	27	7	-142.20
gain	7	28	-133.40
gain	28	7	-131.66
gain	7	29	-132.02
gain	29	7	-128.43
gain	7	30	-135.52
gain	30	7	-133.49
gain	7	31	-145.49
gain	31	7	-142.90
gain	7	32	-145.92
gain	32	7	-143.47
gain	7	33	-150.97
gain	33	7	-148.57
gain	7	34	-151.62
gain	34	7	-146.94
gain	7	35	-133.86
gain	35	7	-130.63
gain	7	36	-147.36
gain	36	7	-145.24
gain	7	37	-142.88
gain	37	7	-139.26
gain	7	38	-148.96
gain	38	7	-145.51
gain	7	39	-145.16
gain	39	7	-141.04
gain	7	40	-150.23
gain	40	7	-148.01
gain	7	41	-157.46
gain	41	7	-153.45
gain	7	42	-144.16
gain	42	7	-140.90
gain	7	43	-150.16
gain	43	7	-148.00
gain	7	44	-140.29
gain	44	7	-137.22
gain	7	45	-147.70
gain	45	7	-146.25
gain	7	46	-146.03
gain	46	7	-144.22
gain	7	47	-151.94
gain	47	7	-148.39
gain	7	48	-155.75
gain	48	7	-155.05
gain	8	9	-91.63
gain	9	8	-93.66
gain	8	10	-117.22
gain	10	8	-118.79
gain	8	11	-126.11
gain	11	8	-127.66
gain	8	12	-135.23
gain	12	8	-138.25
gain	8	13	-141.33
gain	13	8	-142.28
gain	8	14	-118.06
gain	14	8	-120.05
gain	8	15	-114.82
gain	15	8	-117.53
gain	8	16	-110.96
gain	16	8	-111.70
gain	8	17	-123.45
gain	17	8	-124.86
gain	8	18	-139.36
gain	18	8	-141.22
gain	8	19	-130.90
gain	19	8	-132.14
gain	8	20	-142.15
gain	20	8	-145.85
gain	8	21	-132.17
gain	21	8	-133.77
gain	8	22	-132.31
gain	22	8	-131.53
gain	8	23	-128.01
gain	23	8	-131.82
gain	8	24	-130.50
gain	24	8	-133.79
gain	8	25	-141.50
gain	25	8	-143.26
gain	8	26	-136.32
gain	26	8	-136.71
gain	8	27	-145.37
gain	27	8	-147.03
gain	8	28	-132.32
gain	28	8	-134.30
gain	8	29	-135.61
gain	29	8	-135.73
gain	8	30	-133.08
gain	30	8	-134.76
gain	8	31	-132.46
gain	31	8	-133.58
gain	8	32	-140.38
gain	32	8	-141.65
gain	8	33	-141.93
gain	33	8	-143.24
gain	8	34	-144.12
gain	34	8	-143.16
gain	8	35	-138.77
gain	35	8	-139.25
gain	8	36	-138.45
gain	36	8	-140.04
gain	8	37	-134.63
gain	37	8	-134.74
gain	8	38	-139.56
gain	38	8	-139.83
gain	8	39	-145.05
gain	39	8	-144.64
gain	8	40	-141.53
gain	40	8	-143.02
gain	8	41	-146.86
gain	41	8	-146.56
gain	8	42	-139.22
gain	42	8	-139.68
gain	8	43	-144.02
gain	43	8	-145.58
gain	8	44	-136.65
gain	44	8	-137.30
gain	8	45	-148.81
gain	45	8	-151.08
gain	8	46	-140.17
gain	46	8	-142.08
gain	8	47	-142.27
gain	47	8	-142.43
gain	8	48	-156.17
gain	48	8	-159.18
gain	9	10	-111.22
gain	10	9	-110.75
gain	9	11	-121.39
gain	11	9	-120.91
gain	9	12	-137.22
gain	12	9	-138.20
gain	9	13	-144.58
gain	13	9	-143.50
gain	9	14	-124.17
gain	14	9	-124.13
gain	9	15	-115.14
gain	15	9	-115.82
gain	9	16	-108.54
gain	16	9	-107.25
gain	9	17	-120.56
gain	17	9	-119.93
gain	9	18	-134.16
gain	18	9	-133.99
gain	9	19	-134.50
gain	19	9	-133.70
gain	9	20	-141.81
gain	20	9	-143.47
gain	9	21	-128.74
gain	21	9	-128.30
gain	9	22	-128.98
gain	22	9	-126.17
gain	9	23	-120.72
gain	23	9	-122.49
gain	9	24	-130.78
gain	24	9	-132.03
gain	9	25	-131.54
gain	25	9	-131.25
gain	9	26	-133.47
gain	26	9	-131.82
gain	9	27	-145.94
gain	27	9	-145.55
gain	9	28	-131.90
gain	28	9	-131.84
gain	9	29	-138.69
gain	29	9	-136.78
gain	9	30	-133.60
gain	30	9	-133.24
gain	9	31	-140.48
gain	31	9	-139.56
gain	9	32	-137.83
gain	32	9	-137.05
gain	9	33	-150.91
gain	33	9	-150.19
gain	9	34	-143.24
gain	34	9	-140.24
gain	9	35	-144.41
gain	35	9	-142.85
gain	9	36	-134.81
gain	36	9	-134.37
gain	9	37	-133.35
gain	37	9	-131.42
gain	9	38	-143.55
gain	38	9	-141.78
gain	9	39	-138.38
gain	39	9	-135.94
gain	9	40	-141.63
gain	40	9	-141.09
gain	9	41	-153.73
gain	41	9	-151.40
gain	9	42	-148.54
gain	42	9	-146.96
gain	9	43	-143.94
gain	43	9	-143.46
gain	9	44	-139.76
gain	44	9	-138.37
gain	9	45	-147.61
gain	45	9	-147.84
gain	9	46	-149.79
gain	46	9	-149.67
gain	9	47	-150.67
gain	47	9	-148.80
gain	9	48	-147.00
gain	48	9	-147.97
gain	10	11	-109.31
gain	11	10	-109.29
gain	10	12	-122.36
gain	12	10	-123.80
gain	10	13	-140.95
gain	13	10	-140.33
gain	10	14	-137.19
gain	14	10	-137.61
gain	10	15	-117.52
gain	15	10	-118.66
gain	10	16	-122.96
gain	16	10	-122.13
gain	10	17	-122.81
gain	17	10	-122.65
gain	10	18	-126.03
gain	18	10	-126.32
gain	10	19	-131.20
gain	19	10	-130.87
gain	10	20	-141.34
gain	20	10	-143.46
gain	10	21	-134.37
gain	21	10	-134.39
gain	10	22	-130.63
gain	22	10	-128.28
gain	10	23	-128.16
gain	23	10	-130.39
gain	10	24	-121.72
gain	24	10	-123.44
gain	10	25	-130.79
gain	25	10	-130.97
gain	10	26	-133.47
gain	26	10	-132.29
gain	10	27	-128.52
gain	27	10	-128.60
gain	10	28	-141.32
gain	28	10	-141.73
gain	10	29	-134.95
gain	29	10	-133.50
gain	10	30	-131.42
gain	30	10	-131.52
gain	10	31	-132.29
gain	31	10	-131.84
gain	10	32	-134.93
gain	32	10	-134.62
gain	10	33	-133.74
gain	33	10	-133.48
gain	10	34	-139.33
gain	34	10	-136.80
gain	10	35	-140.59
gain	35	10	-139.49
gain	10	36	-145.03
gain	36	10	-145.05
gain	10	37	-138.15
gain	37	10	-136.68
gain	10	38	-139.92
gain	38	10	-138.62
gain	10	39	-146.37
gain	39	10	-144.40
gain	10	40	-141.13
gain	40	10	-141.06
gain	10	41	-146.96
gain	41	10	-145.09
gain	10	42	-148.84
gain	42	10	-147.73
gain	10	43	-147.50
gain	43	10	-147.48
gain	10	44	-147.28
gain	44	10	-146.35
gain	10	45	-142.75
gain	45	10	-143.44
gain	10	46	-144.09
gain	46	10	-144.43
gain	10	47	-144.48
gain	47	10	-143.07
gain	10	48	-144.11
gain	48	10	-145.55
gain	11	12	-113.00
gain	12	11	-114.46
gain	11	13	-127.27
gain	13	11	-126.66
gain	11	14	-137.98
gain	14	11	-138.41
gain	11	15	-139.82
gain	15	11	-140.98
gain	11	16	-121.79
gain	16	11	-120.97
gain	11	17	-125.47
gain	17	11	-125.32
gain	11	18	-122.90
gain	18	11	-123.21
gain	11	19	-118.38
gain	19	11	-118.06
gain	11	20	-135.75
gain	20	11	-137.89
gain	11	21	-141.00
gain	21	11	-141.05
gain	11	22	-141.57
gain	22	11	-139.23
gain	11	23	-126.53
gain	23	11	-128.79
gain	11	24	-125.93
gain	24	11	-127.66
gain	11	25	-126.57
gain	25	11	-126.77
gain	11	26	-129.99
gain	26	11	-128.83
gain	11	27	-130.87
gain	27	11	-130.96
gain	11	28	-139.51
gain	28	11	-139.94
gain	11	29	-144.12
gain	29	11	-142.69
gain	11	30	-131.72
gain	30	11	-131.84
gain	11	31	-134.00
gain	31	11	-133.57
gain	11	32	-136.54
gain	32	11	-136.25
gain	11	33	-140.08
gain	33	11	-139.83
gain	11	34	-131.84
gain	34	11	-129.32
gain	11	35	-144.87
gain	35	11	-143.80
gain	11	36	-141.97
gain	36	11	-142.01
gain	11	37	-137.65
gain	37	11	-136.20
gain	11	38	-136.37
gain	38	11	-135.08
gain	11	39	-137.76
gain	39	11	-135.80
gain	11	40	-139.12
gain	40	11	-139.06
gain	11	41	-141.06
gain	41	11	-139.21
gain	11	42	-153.74
gain	42	11	-152.64
gain	11	43	-145.98
gain	43	11	-145.98
gain	11	44	-143.74
gain	44	11	-142.83
gain	11	45	-149.80
gain	45	11	-150.52
gain	11	46	-137.34
gain	46	11	-137.70
gain	11	47	-144.47
gain	47	11	-143.08
gain	11	48	-142.89
gain	48	11	-144.35
gain	12	13	-121.39
gain	13	12	-119.32
gain	12	14	-141.47
gain	14	12	-140.45
gain	12	15	-133.95
gain	15	12	-133.65
gain	12	16	-131.25
gain	16	12	-128.98
gain	12	17	-127.87
gain	17	12	-126.25
gain	12	18	-111.00
gain	18	12	-109.85
gain	12	19	-106.11
gain	19	12	-104.33
gain	12	20	-127.67
gain	20	12	-128.35
gain	12	21	-142.77
gain	21	12	-141.35
gain	12	22	-143.83
gain	22	12	-140.04
gain	12	23	-141.28
gain	23	12	-142.08
gain	12	24	-119.32
gain	24	12	-119.59
gain	12	25	-125.44
gain	25	12	-124.18
gain	12	26	-116.10
gain	26	12	-113.48
gain	12	27	-124.09
gain	27	12	-122.72
gain	12	28	-143.35
gain	28	12	-142.31
gain	12	29	-145.54
gain	29	12	-142.65
gain	12	30	-147.95
gain	30	12	-146.61
gain	12	31	-137.40
gain	31	12	-135.50
gain	12	32	-131.31
gain	32	12	-129.56
gain	12	33	-137.59
gain	33	12	-135.88
gain	12	34	-133.83
gain	34	12	-129.85
gain	12	35	-146.28
gain	35	12	-143.74
gain	12	36	-143.40
gain	36	12	-141.98
gain	12	37	-146.87
gain	37	12	-143.95
gain	12	38	-144.03
gain	38	12	-141.28
gain	12	39	-137.44
gain	39	12	-134.02
gain	12	40	-138.57
gain	40	12	-137.05
gain	12	41	-138.63
gain	41	12	-135.32
gain	12	42	-144.46
gain	42	12	-141.90
gain	12	43	-145.04
gain	43	12	-143.58
gain	12	44	-142.13
gain	44	12	-139.76
gain	12	45	-141.67
gain	45	12	-140.92
gain	12	46	-137.66
gain	46	12	-136.55
gain	12	47	-141.83
gain	47	12	-138.98
gain	12	48	-137.76
gain	48	12	-137.75
gain	13	14	-146.79
gain	14	13	-147.83
gain	13	15	-143.41
gain	15	13	-145.17
gain	13	16	-140.36
gain	16	13	-140.15
gain	13	17	-137.31
gain	17	13	-137.77
gain	13	18	-127.15
gain	18	13	-128.06
gain	13	19	-120.96
gain	19	13	-121.25
gain	13	20	-118.57
gain	20	13	-121.31
gain	13	21	-149.10
gain	21	13	-149.75
gain	13	22	-142.32
gain	22	13	-140.59
gain	13	23	-139.36
gain	23	13	-142.22
gain	13	24	-138.22
gain	24	13	-140.55
gain	13	25	-129.68
gain	25	13	-130.49
gain	13	26	-124.03
gain	26	13	-123.47
gain	13	27	-118.92
gain	27	13	-119.63
gain	13	28	-142.36
gain	28	13	-143.38
gain	13	29	-145.66
gain	29	13	-144.83
gain	13	30	-144.56
gain	30	13	-145.28
gain	13	31	-134.88
gain	31	13	-135.04
gain	13	32	-136.57
gain	32	13	-136.88
gain	13	33	-133.97
gain	33	13	-134.34
gain	13	34	-130.58
gain	34	13	-128.67
gain	13	35	-147.25
gain	35	13	-146.78
gain	13	36	-147.94
gain	36	13	-148.58
gain	13	37	-139.12
gain	37	13	-138.27
gain	13	38	-147.18
gain	38	13	-146.50
gain	13	39	-140.74
gain	39	13	-139.39
gain	13	40	-141.10
gain	40	13	-141.64
gain	13	41	-134.71
gain	41	13	-133.46
gain	13	42	-145.26
gain	42	13	-144.77
gain	13	43	-148.97
gain	43	13	-149.58
gain	13	44	-148.21
gain	44	13	-147.90
gain	13	45	-144.00
gain	45	13	-145.31
gain	13	46	-140.01
gain	46	13	-140.97
gain	13	47	-138.22
gain	47	13	-137.43
gain	13	48	-141.18
gain	48	13	-143.24
gain	14	15	-101.99
gain	15	14	-102.71
gain	14	16	-116.20
gain	16	14	-114.95
gain	14	17	-129.51
gain	17	14	-128.92
gain	14	18	-140.21
gain	18	14	-140.07
gain	14	19	-139.68
gain	19	14	-138.92
gain	14	20	-150.26
gain	20	14	-151.96
gain	14	21	-105.42
gain	21	14	-105.03
gain	14	22	-127.98
gain	22	14	-125.21
gain	14	23	-130.23
gain	23	14	-132.05
gain	14	24	-132.26
gain	24	14	-133.55
gain	14	25	-141.23
gain	25	14	-140.99
gain	14	26	-148.56
gain	26	14	-146.96
gain	14	27	-138.53
gain	27	14	-138.19
gain	14	28	-119.74
gain	28	14	-119.73
gain	14	29	-133.74
gain	29	14	-131.87
gain	14	30	-122.48
gain	30	14	-122.17
gain	14	31	-136.48
gain	31	14	-135.61
gain	14	32	-141.64
gain	32	14	-140.91
gain	14	33	-147.59
gain	33	14	-146.91
gain	14	34	-149.16
gain	34	14	-146.21
gain	14	35	-134.30
gain	35	14	-132.79
gain	14	36	-137.10
gain	36	14	-136.70
gain	14	37	-135.06
gain	37	14	-133.17
gain	14	38	-141.24
gain	38	14	-139.51
gain	14	39	-145.17
gain	39	14	-142.77
gain	14	40	-150.11
gain	40	14	-149.61
gain	14	41	-150.03
gain	41	14	-147.74
gain	14	42	-146.96
gain	42	14	-145.43
gain	14	43	-138.09
gain	43	14	-137.65
gain	14	44	-140.21
gain	44	14	-138.86
gain	14	45	-145.44
gain	45	14	-145.71
gain	14	46	-140.95
gain	46	14	-140.87
gain	14	47	-143.26
gain	47	14	-141.42
gain	14	48	-154.40
gain	48	14	-155.42
gain	15	16	-102.96
gain	16	15	-100.99
gain	15	17	-123.95
gain	17	15	-122.64
gain	15	18	-138.72
gain	18	15	-137.87
gain	15	19	-133.99
gain	19	15	-132.52
gain	15	20	-140.59
gain	20	15	-141.57
gain	15	21	-121.89
gain	21	15	-120.77
gain	15	22	-123.21
gain	22	15	-119.72
gain	15	23	-124.85
gain	23	15	-125.94
gain	15	24	-132.69
gain	24	15	-133.27
gain	15	25	-136.42
gain	25	15	-135.46
gain	15	26	-138.41
gain	26	15	-136.09
gain	15	27	-143.52
gain	27	15	-142.46
gain	15	28	-125.72
gain	28	15	-124.98
gain	15	29	-132.29
gain	29	15	-129.70
gain	15	30	-124.76
gain	30	15	-123.72
gain	15	31	-129.77
gain	31	15	-128.17
gain	15	32	-141.72
gain	32	15	-140.28
gain	15	33	-141.68
gain	33	15	-140.28
gain	15	34	-140.88
gain	34	15	-137.21
gain	15	35	-135.84
gain	35	15	-133.61
gain	15	36	-135.43
gain	36	15	-134.32
gain	15	37	-136.55
gain	37	15	-133.94
gain	15	38	-141.64
gain	38	15	-139.20
gain	15	39	-147.94
gain	39	15	-144.82
gain	15	40	-149.69
gain	40	15	-148.47
gain	15	41	-153.06
gain	41	15	-150.05
gain	15	42	-144.48
gain	42	15	-142.23
gain	15	43	-137.59
gain	43	15	-136.44
gain	15	44	-145.50
gain	44	15	-143.43
gain	15	45	-139.92
gain	45	15	-139.47
gain	15	46	-150.59
gain	46	15	-149.78
gain	15	47	-143.67
gain	47	15	-141.12
gain	15	48	-148.83
gain	48	15	-149.13
gain	16	17	-114.27
gain	17	16	-114.93
gain	16	18	-133.03
gain	18	16	-134.15
gain	16	19	-135.46
gain	19	16	-135.96
gain	16	20	-144.82
gain	20	16	-147.78
gain	16	21	-127.56
gain	21	16	-128.42
gain	16	22	-117.10
gain	22	16	-115.58
gain	16	23	-114.82
gain	23	16	-117.89
gain	16	24	-120.25
gain	24	16	-122.80
gain	16	25	-131.77
gain	25	16	-132.79
gain	16	26	-133.14
gain	26	16	-132.79
gain	16	27	-138.81
gain	27	16	-139.72
gain	16	28	-123.76
gain	28	16	-125.00
gain	16	29	-130.66
gain	29	16	-130.04
gain	16	30	-121.77
gain	30	16	-122.71
gain	16	31	-130.67
gain	31	16	-131.05
gain	16	32	-139.33
gain	32	16	-139.86
gain	16	33	-144.08
gain	33	16	-144.65
gain	16	34	-138.40
gain	34	16	-136.70
gain	16	35	-130.84
gain	35	16	-130.58
gain	16	36	-132.79
gain	36	16	-133.65
gain	16	37	-133.12
gain	37	16	-132.48
gain	16	38	-134.85
gain	38	16	-134.38
gain	16	39	-145.34
gain	39	16	-144.20
gain	16	40	-144.21
gain	40	16	-144.97
gain	16	41	-142.78
gain	41	16	-141.75
gain	16	42	-141.62
gain	42	16	-141.34
gain	16	43	-141.40
gain	43	16	-142.22
gain	16	44	-136.11
gain	44	16	-136.02
gain	16	45	-143.20
gain	45	16	-144.73
gain	16	46	-138.27
gain	46	16	-139.44
gain	16	47	-139.96
gain	47	16	-139.39
gain	16	48	-146.44
gain	48	16	-148.71
gain	17	18	-122.47
gain	18	17	-122.92
gain	17	19	-133.16
gain	19	17	-132.99
gain	17	20	-136.58
gain	20	17	-138.86
gain	17	21	-130.09
gain	21	17	-130.28
gain	17	22	-124.27
gain	22	17	-122.09
gain	17	23	-113.38
gain	23	17	-115.78
gain	17	24	-87.76
gain	24	17	-89.64
gain	17	25	-121.78
gain	25	17	-122.12
gain	17	26	-130.56
gain	26	17	-129.55
gain	17	27	-132.74
gain	27	17	-132.98
gain	17	28	-131.59
gain	28	17	-132.16
gain	17	29	-128.02
gain	29	17	-126.74
gain	17	30	-113.13
gain	30	17	-113.40
gain	17	31	-113.46
gain	31	17	-113.17
gain	17	32	-120.60
gain	32	17	-120.46
gain	17	33	-134.69
gain	33	17	-134.59
gain	17	34	-139.20
gain	34	17	-136.83
gain	17	35	-134.06
gain	35	17	-133.14
gain	17	36	-133.52
gain	36	17	-133.70
gain	17	37	-129.63
gain	37	17	-128.33
gain	17	38	-130.90
gain	38	17	-129.76
gain	17	39	-129.81
gain	39	17	-128.00
gain	17	40	-127.69
gain	40	17	-127.78
gain	17	41	-140.98
gain	41	17	-139.28
gain	17	42	-142.80
gain	42	17	-141.85
gain	17	43	-138.24
gain	43	17	-138.38
gain	17	44	-138.17
gain	44	17	-137.41
gain	17	45	-136.57
gain	45	17	-137.43
gain	17	46	-136.45
gain	46	17	-136.95
gain	17	47	-139.09
gain	47	17	-137.84
gain	17	48	-136.83
gain	48	17	-138.43
gain	18	19	-102.61
gain	19	18	-101.99
gain	18	20	-122.04
gain	20	18	-123.88
gain	18	21	-145.20
gain	21	18	-144.94
gain	18	22	-136.63
gain	22	18	-133.99
gain	18	23	-137.51
gain	23	18	-139.46
gain	18	24	-117.32
gain	24	18	-118.75
gain	18	25	-93.71
gain	25	18	-93.61
gain	18	26	-100.65
gain	26	18	-99.18
gain	18	27	-117.97
gain	27	18	-117.76
gain	18	28	-144.82
gain	28	18	-144.93
gain	18	29	-138.90
gain	29	18	-137.16
gain	18	30	-136.00
gain	30	18	-135.82
gain	18	31	-125.21
gain	31	18	-124.47
gain	18	32	-113.65
gain	32	18	-113.05
gain	18	33	-125.02
gain	33	18	-124.47
gain	18	34	-125.34
gain	34	18	-122.52
gain	18	35	-146.40
gain	35	18	-145.02
gain	18	36	-141.79
gain	36	18	-141.52
gain	18	37	-137.14
gain	37	18	-135.38
gain	18	38	-137.70
gain	38	18	-136.11
gain	18	39	-126.76
gain	39	18	-124.50
gain	18	40	-134.36
gain	40	18	-133.99
gain	18	41	-133.76
gain	41	18	-131.61
gain	18	42	-143.57
gain	42	18	-142.17
gain	18	43	-139.24
gain	43	18	-138.94
gain	18	44	-135.01
gain	44	18	-133.79
gain	18	45	-139.10
gain	45	18	-139.50
gain	18	46	-133.86
gain	46	18	-133.91
gain	18	47	-132.21
gain	47	18	-130.51
gain	18	48	-137.41
gain	48	18	-138.56
gain	19	20	-112.42
gain	20	19	-114.87
gain	19	21	-145.81
gain	21	19	-146.17
gain	19	22	-138.75
gain	22	19	-136.73
gain	19	23	-130.23
gain	23	19	-132.80
gain	19	24	-121.23
gain	24	19	-123.28
gain	19	25	-114.30
gain	25	19	-114.81
gain	19	26	-106.38
gain	26	19	-105.53
gain	19	27	-110.03
gain	27	19	-110.45
gain	19	28	-141.96
gain	28	19	-142.70
gain	19	29	-136.55
gain	29	19	-135.43
gain	19	30	-140.85
gain	30	19	-141.29
gain	19	31	-130.35
gain	31	19	-130.23
gain	19	32	-124.76
gain	32	19	-124.79
gain	19	33	-127.59
gain	33	19	-127.66
gain	19	34	-125.51
gain	34	19	-123.31
gain	19	35	-145.37
gain	35	19	-144.61
gain	19	36	-142.35
gain	36	19	-142.71
gain	19	37	-137.98
gain	37	19	-136.85
gain	19	38	-136.07
gain	38	19	-135.11
gain	19	39	-131.93
gain	39	19	-130.29
gain	19	40	-133.12
gain	40	19	-133.38
gain	19	41	-136.22
gain	41	19	-134.69
gain	19	42	-144.46
gain	42	19	-143.69
gain	19	43	-142.93
gain	43	19	-143.25
gain	19	44	-142.12
gain	44	19	-141.53
gain	19	45	-144.03
gain	45	19	-145.06
gain	19	46	-134.17
gain	46	19	-134.84
gain	19	47	-135.78
gain	47	19	-134.71
gain	19	48	-135.90
gain	48	19	-137.68
gain	20	21	-152.67
gain	21	20	-150.57
gain	20	22	-148.69
gain	22	20	-144.21
gain	20	23	-146.83
gain	23	20	-146.95
gain	20	24	-134.07
gain	24	20	-133.66
gain	20	25	-125.61
gain	25	20	-123.67
gain	20	26	-120.93
gain	26	20	-117.62
gain	20	27	-105.03
gain	27	20	-102.99
gain	20	28	-148.82
gain	28	20	-147.11
gain	20	29	-144.93
gain	29	20	-141.35
gain	20	30	-148.67
gain	30	20	-146.65
gain	20	31	-136.75
gain	31	20	-134.17
gain	20	32	-135.41
gain	32	20	-132.98
gain	20	33	-130.66
gain	33	20	-128.27
gain	20	34	-122.09
gain	34	20	-117.44
gain	20	35	-149.78
gain	35	20	-146.56
gain	20	36	-146.13
gain	36	20	-144.03
gain	20	37	-141.13
gain	37	20	-137.54
gain	20	38	-147.09
gain	38	20	-143.67
gain	20	39	-137.57
gain	39	20	-133.47
gain	20	40	-133.43
gain	40	20	-131.23
gain	20	41	-130.86
gain	41	20	-126.88
gain	20	42	-154.25
gain	42	20	-151.02
gain	20	43	-151.72
gain	43	20	-149.58
gain	20	44	-151.14
gain	44	20	-148.09
gain	20	45	-143.99
gain	45	20	-142.56
gain	20	46	-139.47
gain	46	20	-137.69
gain	20	47	-139.71
gain	47	20	-136.18
gain	20	48	-131.95
gain	48	20	-131.27
gain	21	22	-120.20
gain	22	21	-117.82
gain	21	23	-129.41
gain	23	21	-131.62
gain	21	24	-131.95
gain	24	21	-133.64
gain	21	25	-136.55
gain	25	21	-136.71
gain	21	26	-146.16
gain	26	21	-144.96
gain	21	27	-151.15
gain	27	21	-151.21
gain	21	28	-110.11
gain	28	21	-110.49
gain	21	29	-123.74
gain	29	21	-122.27
gain	21	30	-126.39
gain	30	21	-126.47
gain	21	31	-136.37
gain	31	21	-135.89
gain	21	32	-135.00
gain	32	21	-134.67
gain	21	33	-142.49
gain	33	21	-142.21
gain	21	34	-145.76
gain	34	21	-143.21
gain	21	35	-122.94
gain	35	21	-121.82
gain	21	36	-134.73
gain	36	21	-134.73
gain	21	37	-137.01
gain	37	21	-135.51
gain	21	38	-138.40
gain	38	21	-137.07
gain	21	39	-146.55
gain	39	21	-144.55
gain	21	40	-147.31
gain	40	21	-147.21
gain	21	41	-146.80
gain	41	21	-144.91
gain	21	42	-134.11
gain	42	21	-132.97
gain	21	43	-133.47
gain	43	21	-133.43
gain	21	44	-136.63
gain	44	21	-135.68
gain	21	45	-139.21
gain	45	21	-139.88
gain	21	46	-143.68
gain	46	21	-144.00
gain	21	47	-144.57
gain	47	21	-143.13
gain	21	48	-150.56
gain	48	21	-151.98
gain	22	23	-98.12
gain	23	22	-102.71
gain	22	24	-117.11
gain	24	22	-121.17
gain	22	25	-127.76
gain	25	22	-130.29
gain	22	26	-134.67
gain	26	22	-135.83
gain	22	27	-132.41
gain	27	22	-134.84
gain	22	28	-115.00
gain	28	22	-117.75
gain	22	29	-104.92
gain	29	22	-105.82
gain	22	30	-83.12
gain	30	22	-85.58
gain	22	31	-121.10
gain	31	22	-123.00
gain	22	32	-133.09
gain	32	22	-135.13
gain	22	33	-140.13
gain	33	22	-142.22
gain	22	34	-136.51
gain	34	22	-136.33
gain	22	35	-123.42
gain	35	22	-124.68
gain	22	36	-123.30
gain	36	22	-125.68
gain	22	37	-116.28
gain	37	22	-117.16
gain	22	38	-126.99
gain	38	22	-128.04
gain	22	39	-132.36
gain	39	22	-132.73
gain	22	40	-138.40
gain	40	22	-140.68
gain	22	41	-141.56
gain	41	22	-142.05
gain	22	42	-134.22
gain	42	22	-135.46
gain	22	43	-131.69
gain	43	22	-134.03
gain	22	44	-125.95
gain	44	22	-127.37
gain	22	45	-134.66
gain	45	22	-137.71
gain	22	46	-129.98
gain	46	22	-132.67
gain	22	47	-141.14
gain	47	22	-142.08
gain	22	48	-141.33
gain	48	22	-145.12
gain	23	24	-112.39
gain	24	23	-111.87
gain	23	25	-124.78
gain	25	23	-122.72
gain	23	26	-137.36
gain	26	23	-133.94
gain	23	27	-144.35
gain	27	23	-142.19
gain	23	28	-124.54
gain	28	23	-122.71
gain	23	29	-118.59
gain	29	23	-114.91
gain	23	30	-105.22
gain	30	23	-103.09
gain	23	31	-123.06
gain	31	23	-120.37
gain	23	32	-124.14
gain	32	23	-121.59
gain	23	33	-134.82
gain	33	23	-132.32
gain	23	34	-138.36
gain	34	23	-133.59
gain	23	35	-127.96
gain	35	23	-124.63
gain	23	36	-132.67
gain	36	23	-130.45
gain	23	37	-127.30
gain	37	23	-123.60
gain	23	38	-128.30
gain	38	23	-124.76
gain	23	39	-131.91
gain	39	23	-127.70
gain	23	40	-138.71
gain	40	23	-136.39
gain	23	41	-145.56
gain	41	23	-141.45
gain	23	42	-138.81
gain	42	23	-135.46
gain	23	43	-138.91
gain	43	23	-136.66
gain	23	44	-131.99
gain	44	23	-128.83
gain	23	45	-137.07
gain	45	23	-135.53
gain	23	46	-136.99
gain	46	23	-135.09
gain	23	47	-139.38
gain	47	23	-135.73
gain	23	48	-146.56
gain	48	23	-145.76
gain	24	25	-118.14
gain	25	24	-116.61
gain	24	26	-121.33
gain	26	24	-118.43
gain	24	27	-132.32
gain	27	24	-130.68
gain	24	28	-131.47
gain	28	24	-130.16
gain	24	29	-129.42
gain	29	24	-126.26
gain	24	30	-124.49
gain	30	24	-122.88
gain	24	31	-114.10
gain	31	24	-111.93
gain	24	32	-118.34
gain	32	24	-116.32
gain	24	33	-133.38
gain	33	24	-131.40
gain	24	34	-137.04
gain	34	24	-132.79
gain	24	35	-142.72
gain	35	24	-139.91
gain	24	36	-133.63
gain	36	24	-131.93
gain	24	37	-134.76
gain	37	24	-131.57
gain	24	38	-135.23
gain	38	24	-132.21
gain	24	39	-135.43
gain	39	24	-131.74
gain	24	40	-133.96
gain	40	24	-132.17
gain	24	41	-137.80
gain	41	24	-134.22
gain	24	42	-145.55
gain	42	24	-142.72
gain	24	43	-143.68
gain	43	24	-141.95
gain	24	44	-132.60
gain	44	24	-129.95
gain	24	45	-138.83
gain	45	24	-137.81
gain	24	46	-139.29
gain	46	24	-137.92
gain	24	47	-139.25
gain	47	24	-136.12
gain	24	48	-141.78
gain	48	24	-141.50
gain	25	26	-96.27
gain	26	25	-94.90
gain	25	27	-117.10
gain	27	25	-117.00
gain	25	28	-140.13
gain	28	25	-140.35
gain	25	29	-136.95
gain	29	25	-135.32
gain	25	30	-133.43
gain	30	25	-133.35
gain	25	31	-117.97
gain	31	25	-117.33
gain	25	32	-109.69
gain	32	25	-109.20
gain	25	33	-122.36
gain	33	25	-121.91
gain	25	34	-121.58
gain	34	25	-118.86
gain	25	35	-139.45
gain	35	25	-138.17
gain	25	36	-141.59
gain	36	25	-141.43
gain	25	37	-136.05
gain	37	25	-134.40
gain	25	38	-130.51
gain	38	25	-129.03
gain	25	39	-130.78
gain	39	25	-128.63
gain	25	40	-131.83
gain	40	25	-131.58
gain	25	41	-134.39
gain	41	25	-132.34
gain	25	42	-144.75
gain	42	25	-143.45
gain	25	43	-142.91
gain	43	25	-142.71
gain	25	44	-142.76
gain	44	25	-141.65
gain	25	45	-136.60
gain	45	25	-137.12
gain	25	46	-135.09
gain	46	25	-135.25
gain	25	47	-127.58
gain	47	25	-125.98
gain	25	48	-131.62
gain	48	25	-132.87
gain	26	27	-108.81
gain	27	26	-110.07
gain	26	28	-138.11
gain	28	26	-139.70
gain	26	29	-140.84
gain	29	26	-140.57
gain	26	30	-131.97
gain	30	26	-133.26
gain	26	31	-121.66
gain	31	26	-122.39
gain	26	32	-107.28
gain	32	26	-108.16
gain	26	33	-122.30
gain	33	26	-123.22
gain	26	34	-118.75
gain	34	26	-117.40
gain	26	35	-145.15
gain	35	26	-145.24
gain	26	36	-143.12
gain	36	26	-144.33
gain	26	37	-140.35
gain	37	26	-140.07
gain	26	38	-132.77
gain	38	26	-132.65
gain	26	39	-127.69
gain	39	26	-126.90
gain	26	40	-125.59
gain	40	26	-126.69
gain	26	41	-127.96
gain	41	26	-127.27
gain	26	42	-145.60
gain	42	26	-145.67
gain	26	43	-146.89
gain	43	26	-148.06
gain	26	44	-136.73
gain	44	26	-136.99
gain	26	45	-132.56
gain	45	26	-134.44
gain	26	46	-133.12
gain	46	26	-134.64
gain	26	47	-134.00
gain	47	26	-133.77
gain	26	48	-130.60
gain	48	26	-133.22
gain	27	28	-153.80
gain	28	27	-154.13
gain	27	29	-143.29
gain	29	27	-141.76
gain	27	30	-146.83
gain	30	27	-146.85
gain	27	31	-130.92
gain	31	27	-130.39
gain	27	32	-126.04
gain	32	27	-125.65
gain	27	33	-116.44
gain	33	27	-116.10
gain	27	34	-117.87
gain	34	27	-115.25
gain	27	35	-153.08
gain	35	27	-151.91
gain	27	36	-149.06
gain	36	27	-149.00
gain	27	37	-137.35
gain	37	27	-135.80
gain	27	38	-140.33
gain	38	27	-138.95
gain	27	39	-127.44
gain	39	27	-125.38
gain	27	40	-134.01
gain	40	27	-133.85
gain	27	41	-123.91
gain	41	27	-121.97
gain	27	42	-146.63
gain	42	27	-145.44
gain	27	43	-148.37
gain	43	27	-148.27
gain	27	44	-144.35
gain	44	27	-143.35
gain	27	45	-134.36
gain	45	27	-134.98
gain	27	46	-136.33
gain	46	27	-136.59
gain	27	47	-131.66
gain	47	27	-130.17
gain	27	48	-132.20
gain	48	27	-133.56
gain	28	29	-113.04
gain	29	28	-111.18
gain	28	30	-120.07
gain	30	28	-119.77
gain	28	31	-138.76
gain	31	28	-137.90
gain	28	32	-137.44
gain	32	28	-136.73
gain	28	33	-144.96
gain	33	28	-144.29
gain	28	34	-142.82
gain	34	28	-139.88
gain	28	35	-114.96
gain	35	28	-113.46
gain	28	36	-125.04
gain	36	28	-124.66
gain	28	37	-129.88
gain	37	28	-128.01
gain	28	38	-134.17
gain	38	28	-132.46
gain	28	39	-143.02
gain	39	28	-140.64
gain	28	40	-145.50
gain	40	28	-145.02
gain	28	41	-146.46
gain	41	28	-144.19
gain	28	42	-133.29
gain	42	28	-131.77
gain	28	43	-130.03
gain	43	28	-129.61
gain	28	44	-133.72
gain	44	28	-132.39
gain	28	45	-138.89
gain	45	28	-139.19
gain	28	46	-141.25
gain	46	28	-141.18
gain	28	47	-145.23
gain	47	28	-143.41
gain	28	48	-151.01
gain	48	28	-152.05
gain	29	30	-101.33
gain	30	29	-102.89
gain	29	31	-129.51
gain	31	29	-130.51
gain	29	32	-133.83
gain	32	29	-134.98
gain	29	33	-139.31
gain	33	29	-140.50
gain	29	34	-142.47
gain	34	29	-141.39
gain	29	35	-119.60
gain	35	29	-119.96
gain	29	36	-116.45
gain	36	29	-117.92
gain	29	37	-110.53
gain	37	29	-110.51
gain	29	38	-128.29
gain	38	29	-128.43
gain	29	39	-138.57
gain	39	29	-138.04
gain	29	40	-139.24
gain	40	29	-140.62
gain	29	41	-141.46
gain	41	29	-141.05
gain	29	42	-126.37
gain	42	29	-126.71
gain	29	43	-123.07
gain	43	29	-124.50
gain	29	44	-121.45
gain	44	29	-121.98
gain	29	45	-128.02
gain	45	29	-130.17
gain	29	46	-129.10
gain	46	29	-130.89
gain	29	47	-139.48
gain	47	29	-139.52
gain	29	48	-139.81
gain	48	29	-142.71
gain	30	31	-119.46
gain	31	30	-118.90
gain	30	32	-130.21
gain	32	30	-129.79
gain	30	33	-136.87
gain	33	30	-136.50
gain	30	34	-139.48
gain	34	30	-136.84
gain	30	35	-124.97
gain	35	30	-123.77
gain	30	36	-116.76
gain	36	30	-116.68
gain	30	37	-112.85
gain	37	30	-111.28
gain	30	38	-121.29
gain	38	30	-119.88
gain	30	39	-138.61
gain	39	30	-136.53
gain	30	40	-139.66
gain	40	30	-139.48
gain	30	41	-137.81
gain	41	30	-135.84
gain	30	42	-136.39
gain	42	30	-135.17
gain	30	43	-136.60
gain	43	30	-136.48
gain	30	44	-124.85
gain	44	30	-123.82
gain	30	45	-132.23
gain	45	30	-132.82
gain	30	46	-134.12
gain	46	30	-134.35
gain	30	47	-136.95
gain	47	30	-135.43
gain	30	48	-137.59
gain	48	30	-138.92
gain	31	32	-104.81
gain	32	31	-104.96
gain	31	33	-128.07
gain	33	31	-128.27
gain	31	34	-129.91
gain	34	31	-127.83
gain	31	35	-132.14
gain	35	31	-131.50
gain	31	36	-120.45
gain	36	31	-120.92
gain	31	37	-118.40
gain	37	31	-117.38
gain	31	38	-117.75
gain	38	31	-116.90
gain	31	39	-120.14
gain	39	31	-118.62
gain	31	40	-130.14
gain	40	31	-130.51
gain	31	41	-130.16
gain	41	31	-128.75
gain	31	42	-139.47
gain	42	31	-138.81
gain	31	43	-138.03
gain	43	31	-138.47
gain	31	44	-123.83
gain	44	31	-123.35
gain	31	45	-124.47
gain	45	31	-125.62
gain	31	46	-121.52
gain	46	31	-122.31
gain	31	47	-121.82
gain	47	31	-120.86
gain	31	48	-134.33
gain	48	31	-136.23
gain	32	33	-114.15
gain	33	32	-114.20
gain	32	34	-118.54
gain	34	32	-116.32
gain	32	35	-142.79
gain	35	32	-142.01
gain	32	36	-134.44
gain	36	32	-134.77
gain	32	37	-131.58
gain	37	32	-130.42
gain	32	38	-118.11
gain	38	32	-117.11
gain	32	39	-117.63
gain	39	32	-115.96
gain	32	40	-123.79
gain	40	32	-124.02
gain	32	41	-127.03
gain	41	32	-125.48
gain	32	42	-146.02
gain	42	32	-145.22
gain	32	43	-138.13
gain	43	32	-138.42
gain	32	44	-143.46
gain	44	32	-142.85
gain	32	45	-127.22
gain	45	32	-128.22
gain	32	46	-121.53
gain	46	32	-122.18
gain	32	47	-122.22
gain	47	32	-121.12
gain	32	48	-128.67
gain	48	32	-130.42
gain	33	34	-100.86
gain	34	33	-98.58
gain	33	35	-151.47
gain	35	33	-150.63
gain	33	36	-134.62
gain	36	33	-134.90
gain	33	37	-130.88
gain	37	33	-129.67
gain	33	38	-128.85
gain	38	33	-127.81
gain	33	39	-118.71
gain	39	33	-117.00
gain	33	40	-110.85
gain	40	33	-111.03
gain	33	41	-109.98
gain	41	33	-108.37
gain	33	42	-142.13
gain	42	33	-141.27
gain	33	43	-140.67
gain	43	33	-140.91
gain	33	44	-141.27
gain	44	33	-140.61
gain	33	45	-138.72
gain	45	33	-139.68
gain	33	46	-130.00
gain	46	33	-130.60
gain	33	47	-113.45
gain	47	33	-112.30
gain	33	48	-120.88
gain	48	33	-122.58
gain	34	35	-140.80
gain	35	34	-142.24
gain	34	36	-148.44
gain	36	34	-151.00
gain	34	37	-137.76
gain	37	34	-138.82
gain	34	38	-126.15
gain	38	34	-127.38
gain	34	39	-120.33
gain	39	34	-120.89
gain	34	40	-120.65
gain	40	34	-123.11
gain	34	41	-108.82
gain	41	34	-109.48
gain	34	42	-144.45
gain	42	34	-145.87
gain	34	43	-139.10
gain	43	34	-141.62
gain	34	44	-136.44
gain	44	34	-138.05
gain	34	45	-129.22
gain	45	34	-132.45
gain	34	46	-128.59
gain	46	34	-131.46
gain	34	47	-120.28
gain	47	34	-121.41
gain	34	48	-116.87
gain	48	34	-120.84
gain	35	36	-114.43
gain	36	35	-115.55
gain	35	37	-123.17
gain	37	35	-122.80
gain	35	38	-134.32
gain	38	35	-134.11
gain	35	39	-137.32
gain	39	35	-136.43
gain	35	40	-144.85
gain	40	35	-145.86
gain	35	41	-147.73
gain	41	35	-146.95
gain	35	42	-120.26
gain	42	35	-120.24
gain	35	43	-120.85
gain	43	35	-121.93
gain	35	44	-123.55
gain	44	35	-123.71
gain	35	45	-136.14
gain	45	35	-137.93
gain	35	46	-134.64
gain	46	35	-136.07
gain	35	47	-140.22
gain	47	35	-139.90
gain	35	48	-141.67
gain	48	35	-144.20
gain	36	37	-112.90
gain	37	36	-111.41
gain	36	38	-117.85
gain	38	36	-116.53
gain	36	39	-133.96
gain	39	36	-131.96
gain	36	40	-136.74
gain	40	36	-136.64
gain	36	41	-143.29
gain	41	36	-141.40
gain	36	42	-115.06
gain	42	36	-113.92
gain	36	43	-111.85
gain	43	36	-111.81
gain	36	44	-100.55
gain	44	36	-99.60
gain	36	45	-124.53
gain	45	36	-125.20
gain	36	46	-129.91
gain	46	36	-130.22
gain	36	47	-134.33
gain	47	36	-132.90
gain	36	48	-140.74
gain	48	36	-142.16
gain	37	38	-114.23
gain	38	37	-114.40
gain	37	39	-123.21
gain	39	37	-122.71
gain	37	40	-138.68
gain	40	37	-140.07
gain	37	41	-133.14
gain	41	37	-132.75
gain	37	42	-125.68
gain	42	37	-126.04
gain	37	43	-123.53
gain	43	37	-124.98
gain	37	44	-115.76
gain	44	37	-116.30
gain	37	45	-123.55
gain	45	37	-125.71
gain	37	46	-126.45
gain	46	37	-128.25
gain	37	47	-128.03
gain	47	37	-128.09
gain	37	48	-139.34
gain	48	37	-142.24
gain	38	39	-116.56
gain	39	38	-115.89
gain	38	40	-124.96
gain	40	38	-126.19
gain	38	41	-127.96
gain	41	38	-127.40
gain	38	42	-130.15
gain	42	38	-130.34
gain	38	43	-126.70
gain	43	38	-127.99
gain	38	44	-114.99
gain	44	38	-115.37
gain	38	45	-112.06
gain	45	38	-114.06
gain	38	46	-116.84
gain	46	38	-118.48
gain	38	47	-124.81
gain	47	38	-124.70
gain	38	48	-135.07
gain	48	38	-137.81
gain	39	40	-106.68
gain	40	39	-108.58
gain	39	41	-126.85
gain	41	39	-126.96
gain	39	42	-132.05
gain	42	39	-132.91
gain	39	43	-135.50
gain	43	39	-137.46
gain	39	44	-128.87
gain	44	39	-129.92
gain	39	45	-113.05
gain	45	39	-115.73
gain	39	46	-105.98
gain	46	39	-108.29
gain	39	47	-103.89
gain	47	39	-104.45
gain	39	48	-112.77
gain	48	39	-116.19
gain	40	41	-114.47
gain	41	40	-112.68
gain	40	42	-147.40
gain	42	40	-146.36
gain	40	43	-140.43
gain	43	40	-140.49
gain	40	44	-135.91
gain	44	40	-135.06
gain	40	45	-132.38
gain	45	40	-133.15
gain	40	46	-115.84
gain	46	40	-116.25
gain	40	47	-106.92
gain	47	40	-105.59
gain	40	48	-88.42
gain	48	40	-89.94
gain	41	42	-146.55
gain	42	41	-147.30
gain	41	43	-136.81
gain	43	41	-138.65
gain	41	44	-143.74
gain	44	41	-144.68
gain	41	45	-128.30
gain	45	41	-130.86
gain	41	46	-129.80
gain	46	41	-132.01
gain	41	47	-121.73
gain	47	41	-122.19
gain	41	48	-107.79
gain	48	41	-111.10
gain	42	43	-97.94
gain	43	42	-99.04
gain	42	44	-116.69
gain	44	42	-116.87
gain	42	45	-131.70
gain	45	42	-133.50
gain	42	46	-137.96
gain	46	42	-139.41
gain	42	47	-135.36
gain	47	42	-135.06
gain	42	48	-148.63
gain	48	42	-151.18
gain	43	44	-107.61
gain	44	43	-106.70
gain	43	45	-127.46
gain	45	43	-128.17
gain	43	46	-133.40
gain	46	43	-133.75
gain	43	47	-138.71
gain	47	43	-137.32
gain	43	48	-144.97
gain	48	43	-146.42
gain	44	45	-114.20
gain	45	44	-115.82
gain	44	46	-128.75
gain	46	44	-130.01
gain	44	47	-130.56
gain	47	44	-130.07
gain	44	48	-136.25
gain	48	44	-138.61
gain	45	46	-102.51
gain	46	45	-102.15
gain	45	47	-124.19
gain	47	45	-122.08
gain	45	48	-125.01
gain	48	45	-125.75
gain	46	47	-104.56
gain	47	46	-102.81
gain	46	48	-119.22
gain	48	46	-120.33
gain	47	48	-111.43
gain	48	47	-114.28
noise	0	-105.77	4.00
noise	1	-105.00	4.00
noise	2	-104.59	4.00
noise	3	-104.22	4.00
noise	4	-105.32	4.00
noise	5	-105.55	4.00
noise	6	-104.18	4.00
noise	7	-103.76	4.00
noise	8	-105.72	4.00
noise	9	-104.50	4.00
noise	10	-104.38	4.00
noise	11	-105.31	4.00
noise	12	-103.55	4.00
noise	13	-104.68	4.00
noise	14	-104.60	4.00
noise	15	-103.56	4.00
noise	16	-105.50	4.00
noise	17	-103.88	4.00
noise	18	-104.82	4.00
noise	19	-104.89	4.00
noise	20	-103.87	4.00
noise	21	-105.85	4.00
noise	22	-106.29	4.00
noise	23	-103.15	4.00
noise	24	-103.42	4.00
noise	25	-104.53	4.00
noise	26	-104.73	4.00
noise	27	-103.57	4.00
noise	28	-105.21	4.00
noise	29	-105.53	4.00
noise	30	-103.64	4.00
noise	31	-105.75	4.00
noise	32	-104.78	4.00
noise	33	-105.24	4.00
noise	34	-105.34	4.00
noise	35	-105.93	4.00
noise	36	-104.22	4.00
noise	37	-105.40	4.00
noise	38	-105.38	4.00
noise	39	-104.72	4.00
noise	40	-105.57	4.00
noise	41	-106.49	4.00
noise	42	-105.87	4.00
noise	43	-104.73	4.00
noise	44	-105.17	4.00
noise	45	-105.08	4.00
noise	46	-104.60	4.00
noise	47	-107.30	4.00
noise	48	-103.28	4.00
