gain	0	1	-139.85
gain	1	0	-139.13
gain	0	2	-126.53
gain	2	0	-127.42
gain	0	3	-131.44
gain	3	0	-129.68
gain	0	4	-135.87
gain	4	0	-136.15
gain	0	5	-146.50
gain	5	0	-143.67
gain	0	6	-121.45
gain	6	0	-119.82
gain	0	7	-124.67
gain	7	0	-125.20
gain	0	8	-119.37
gain	8	0	-118.74
gain	0	9	-135.20
gain	9	0	-136.89
gain	0	10	-146.73
gain	10	0	-146.66
gain	0	11	-129.83
gain	11	0	-129.34
gain	0	12	-134.37
gain	12	0	-132.78
gain	0	13	-106.71
gain	13	0	-105.90
gain	0	14	-110.42
gain	14	0	-110.64
gain	0	15	-131.11
gain	15	0	-129.09
gain	0	16	-140.58
gain	16	0	-140.95
gain	0	17	-134.75
gain	17	0	-134.34
gain	0	18	-137.12
gain	18	0	-137.05
gain	0	19	-106.69
gain	19	0	-105.69
gain	0	20	-151.05
gain	20	0	-150.23
gain	0	21	-140.94
gain	21	0	-139.82
gain	0	22	-130.44
gain	22	0	-130.10
gain	0	23	-134.02
gain	23	0	-135.33
gain	0	24	-137.63
gain	24	0	-135.91
gain	0	25	-135.22
gain	25	0	-134.71
gain	0	26	-122.86
gain	26	0	-123.33
gain	0	27	-137.21
gain	27	0	-135.68
gain	0	28	-128.43
gain	28	0	-127.53
gain	0	29	-134.85
gain	29	0	-132.85
gain	0	30	-132.86
gain	30	0	-133.70
gain	0	31	-141.92
gain	31	0	-140.57
gain	0	32	-135.46
gain	32	0	-134.58
gain	0	33	-135.26
gain	33	0	-133.13
gain	0	34	-103.86
gain	34	0	-102.14
gain	0	35	-131.45
gain	35	0	-132.27
gain	0	36	-135.95
gain	36	0	-137.21
gain	0	37	-138.88
gain	37	0	-137.52
gain	0	38	-138.12
gain	38	0	-132.94
gain	0	39	-109.36
gain	39	0	-107.48
gain	0	40	-150.11
gain	40	0	-147.82
gain	0	41	-139.81
gain	41	0	-138.10
gain	0	42	-122.18
gain	42	0	-120.73
gain	0	43	-136.75
gain	43	0	-136.21
gain	0	44	-122.75
gain	44	0	-121.91
gain	0	45	-131.00
gain	45	0	-132.22
gain	0	46	-102.22
gain	46	0	-98.48
gain	0	47	-131.82
gain	47	0	-128.94
gain	0	48	-130.83
gain	48	0	-129.59
gain	1	2	-139.21
gain	2	1	-140.81
gain	1	3	-152.92
gain	3	1	-151.88
gain	1	4	-131.28
gain	4	1	-132.28
gain	1	5	-148.36
gain	5	1	-146.25
gain	1	6	-140.11
gain	6	1	-139.20
gain	1	7	-128.26
gain	7	1	-129.51
gain	1	8	-131.06
gain	8	1	-131.15
gain	1	9	-116.12
gain	9	1	-118.53
gain	1	10	-108.89
gain	10	1	-109.55
gain	1	11	-127.31
gain	11	1	-127.54
gain	1	12	-118.10
gain	12	1	-117.23
gain	1	13	-139.67
gain	13	1	-139.58
gain	1	14	-140.47
gain	14	1	-141.41
gain	1	15	-141.12
gain	15	1	-139.82
gain	1	16	-114.32
gain	16	1	-115.41
gain	1	17	-136.06
gain	17	1	-136.36
gain	1	18	-136.87
gain	18	1	-137.52
gain	1	19	-135.82
gain	19	1	-135.54
gain	1	20	-98.48
gain	20	1	-98.38
gain	1	21	-107.80
gain	21	1	-107.39
gain	1	22	-128.08
gain	22	1	-128.46
gain	1	23	-150.14
gain	23	1	-152.17
gain	1	24	-126.65
gain	24	1	-125.64
gain	1	25	-126.14
gain	25	1	-126.35
gain	1	26	-134.64
gain	26	1	-135.83
gain	1	27	-125.41
gain	27	1	-124.59
gain	1	28	-144.81
gain	28	1	-144.64
gain	1	29	-140.77
gain	29	1	-139.50
gain	1	30	-104.09
gain	30	1	-105.66
gain	1	31	-138.22
gain	31	1	-137.59
gain	1	32	-128.56
gain	32	1	-128.40
gain	1	33	-131.83
gain	33	1	-130.42
gain	1	34	-139.02
gain	34	1	-138.01
gain	1	35	-135.56
gain	35	1	-137.10
gain	1	36	-147.18
gain	36	1	-149.16
gain	1	37	-140.80
gain	37	1	-140.16
gain	1	38	-132.15
gain	38	1	-127.69
gain	1	39	-148.47
gain	39	1	-147.31
gain	1	40	-145.54
gain	40	1	-143.97
gain	1	41	-130.32
gain	41	1	-129.33
gain	1	42	-142.82
gain	42	1	-142.09
gain	1	43	-144.23
gain	43	1	-144.41
gain	1	44	-143.81
gain	44	1	-143.69
gain	1	45	-132.32
gain	45	1	-134.27
gain	1	46	-140.58
gain	46	1	-137.56
gain	1	47	-149.06
gain	47	1	-146.90
gain	1	48	-131.50
gain	48	1	-130.98
gain	2	3	-131.37
gain	3	2	-128.73
gain	2	4	-128.85
gain	4	2	-128.26
gain	2	5	-134.84
gain	5	2	-131.13
gain	2	6	-137.23
gain	6	2	-134.72
gain	2	7	-123.45
gain	7	2	-123.09
gain	2	8	-115.77
gain	8	2	-114.26
gain	2	9	-139.28
gain	9	2	-140.09
gain	2	10	-139.34
gain	10	2	-138.40
gain	2	11	-131.74
gain	11	2	-130.37
gain	2	12	-137.49
gain	12	2	-135.02
gain	2	13	-115.79
gain	13	2	-114.10
gain	2	14	-108.06
gain	14	2	-107.39
gain	2	15	-135.53
gain	15	2	-132.63
gain	2	16	-139.98
gain	16	2	-139.47
gain	2	17	-139.14
gain	17	2	-137.84
gain	2	18	-126.85
gain	18	2	-125.89
gain	2	19	-117.97
gain	19	2	-116.09
gain	2	20	-145.28
gain	20	2	-143.57
gain	2	21	-143.34
gain	21	2	-141.33
gain	2	22	-123.74
gain	22	2	-122.52
gain	2	23	-129.88
gain	23	2	-130.30
gain	2	24	-122.14
gain	24	2	-119.53
gain	2	25	-121.94
gain	25	2	-120.55
gain	2	26	-129.22
gain	26	2	-128.80
gain	2	27	-137.89
gain	27	2	-135.47
gain	2	28	-139.12
gain	28	2	-137.34
gain	2	29	-131.26
gain	29	2	-128.38
gain	2	30	-135.80
gain	30	2	-135.76
gain	2	31	-136.40
gain	31	2	-134.16
gain	2	32	-125.85
gain	32	2	-124.09
gain	2	33	-138.25
gain	33	2	-135.24
gain	2	34	-124.32
gain	34	2	-121.72
gain	2	35	-137.35
gain	35	2	-137.29
gain	2	36	-130.46
gain	36	2	-130.84
gain	2	37	-134.94
gain	37	2	-132.69
gain	2	38	-130.20
gain	38	2	-124.13
gain	2	39	-132.35
gain	39	2	-129.58
gain	2	40	-138.94
gain	40	2	-135.76
gain	2	41	-139.08
gain	41	2	-136.48
gain	2	42	-115.46
gain	42	2	-113.12
gain	2	43	-125.23
gain	43	2	-123.80
gain	2	44	-116.57
gain	44	2	-114.85
gain	2	45	-138.47
gain	45	2	-138.81
gain	2	46	-131.90
gain	46	2	-127.27
gain	2	47	-124.49
gain	47	2	-120.73
gain	2	48	-127.70
gain	48	2	-125.58
gain	3	4	-132.82
gain	4	3	-134.87
gain	3	5	-137.33
gain	5	3	-136.27
gain	3	6	-137.28
gain	6	3	-137.42
gain	3	7	-138.70
gain	7	3	-140.99
gain	3	8	-135.95
gain	8	3	-137.08
gain	3	9	-143.44
gain	9	3	-146.90
gain	3	10	-149.65
gain	10	3	-151.35
gain	3	11	-140.91
gain	11	3	-142.19
gain	3	12	-149.32
gain	12	3	-149.50
gain	3	13	-130.13
gain	13	3	-131.08
gain	3	14	-130.65
gain	14	3	-132.63
gain	3	15	-136.05
gain	15	3	-135.79
gain	3	16	-148.93
gain	16	3	-151.06
gain	3	17	-144.70
gain	17	3	-146.04
gain	3	18	-141.48
gain	18	3	-143.17
gain	3	19	-128.11
gain	19	3	-128.88
gain	3	20	-151.05
gain	20	3	-151.99
gain	3	21	-149.46
gain	21	3	-150.10
gain	3	22	-138.59
gain	22	3	-140.01
gain	3	23	-117.33
gain	23	3	-120.41
gain	3	24	-140.96
gain	24	3	-141.00
gain	3	25	-140.37
gain	25	3	-141.62
gain	3	26	-139.65
gain	26	3	-141.88
gain	3	27	-141.33
gain	27	3	-141.55
gain	3	28	-138.20
gain	28	3	-139.07
gain	3	29	-136.73
gain	29	3	-136.49
gain	3	30	-145.33
gain	30	3	-147.94
gain	3	31	-146.16
gain	31	3	-146.56
gain	3	32	-143.18
gain	32	3	-144.06
gain	3	33	-147.44
gain	33	3	-147.07
gain	3	34	-129.53
gain	34	3	-129.56
gain	3	35	-146.67
gain	35	3	-149.25
gain	3	36	-131.83
gain	36	3	-134.85
gain	3	37	-141.29
gain	37	3	-141.68
gain	3	38	-141.70
gain	38	3	-138.28
gain	3	39	-117.90
gain	39	3	-117.78
gain	3	40	-145.35
gain	40	3	-144.82
gain	3	41	-148.01
gain	41	3	-148.06
gain	3	42	-120.71
gain	42	3	-121.02
gain	3	43	-108.65
gain	43	3	-109.86
gain	3	44	-123.93
gain	44	3	-124.85
gain	3	45	-145.94
gain	45	3	-148.93
gain	3	46	-135.80
gain	46	3	-133.82
gain	3	47	-136.35
gain	47	3	-135.23
gain	3	48	-141.13
gain	48	3	-141.65
gain	4	5	-136.24
gain	5	4	-133.12
gain	4	6	-140.25
gain	6	4	-138.34
gain	4	7	-119.16
gain	7	4	-119.40
gain	4	8	-120.39
gain	8	4	-119.47
gain	4	9	-134.80
gain	9	4	-136.20
gain	4	10	-128.33
gain	10	4	-127.98
gain	4	11	-133.00
gain	11	4	-132.23
gain	4	12	-136.75
gain	12	4	-134.87
gain	4	13	-134.36
gain	13	4	-133.27
gain	4	14	-123.61
gain	14	4	-123.54
gain	4	15	-146.04
gain	15	4	-143.73
gain	4	16	-136.14
gain	16	4	-136.23
gain	4	17	-148.41
gain	17	4	-147.71
gain	4	18	-118.46
gain	18	4	-118.10
gain	4	19	-132.00
gain	19	4	-130.72
gain	4	20	-136.63
gain	20	4	-135.52
gain	4	21	-142.62
gain	21	4	-141.21
gain	4	22	-130.29
gain	22	4	-129.67
gain	4	23	-137.07
gain	23	4	-138.10
gain	4	24	-119.45
gain	24	4	-117.44
gain	4	25	-111.30
gain	25	4	-110.50
gain	4	26	-135.53
gain	26	4	-135.71
gain	4	27	-131.86
gain	27	4	-130.04
gain	4	28	-139.95
gain	28	4	-138.77
gain	4	29	-119.43
gain	29	4	-117.15
gain	4	30	-140.70
gain	30	4	-141.25
gain	4	31	-125.92
gain	31	4	-124.28
gain	4	32	-120.04
gain	32	4	-118.88
gain	4	33	-139.91
gain	33	4	-137.50
gain	4	34	-135.90
gain	34	4	-133.89
gain	4	35	-139.81
gain	35	4	-140.35
gain	4	36	-128.84
gain	36	4	-129.82
gain	4	37	-120.65
gain	37	4	-119.00
gain	4	38	-91.03
gain	38	4	-85.56
gain	4	39	-139.39
gain	39	4	-137.22
gain	4	40	-129.67
gain	40	4	-127.10
gain	4	41	-123.75
gain	41	4	-121.75
gain	4	42	-133.60
gain	42	4	-131.86
gain	4	43	-133.11
gain	43	4	-132.28
gain	4	44	-130.31
gain	44	4	-129.18
gain	4	45	-138.97
gain	45	4	-139.91
gain	4	46	-144.43
gain	46	4	-140.41
gain	4	47	-126.07
gain	47	4	-122.91
gain	4	48	-132.20
gain	48	4	-130.67
gain	5	6	-147.48
gain	6	5	-148.68
gain	5	7	-136.28
gain	7	5	-139.64
gain	5	8	-142.33
gain	8	5	-144.53
gain	5	9	-142.96
gain	9	5	-147.48
gain	5	10	-142.05
gain	10	5	-144.82
gain	5	11	-141.10
gain	11	5	-143.44
gain	5	12	-145.40
gain	12	5	-146.64
gain	5	13	-140.98
gain	13	5	-143.00
gain	5	14	-133.35
gain	14	5	-136.40
gain	5	15	-147.30
gain	15	5	-148.11
gain	5	16	-153.68
gain	16	5	-156.89
gain	5	17	-150.25
gain	17	5	-152.67
gain	5	18	-115.19
gain	18	5	-117.95
gain	5	19	-137.85
gain	19	5	-139.68
gain	5	20	-143.48
gain	20	5	-145.49
gain	5	21	-147.78
gain	21	5	-149.49
gain	5	22	-143.37
gain	22	5	-145.86
gain	5	23	-138.09
gain	23	5	-142.23
gain	5	24	-142.78
gain	24	5	-143.89
gain	5	25	-132.70
gain	25	5	-135.02
gain	5	26	-143.10
gain	26	5	-146.40
gain	5	27	-147.25
gain	27	5	-148.54
gain	5	28	-149.06
gain	28	5	-151.00
gain	5	29	-113.27
gain	29	5	-114.10
gain	5	30	-148.05
gain	30	5	-151.72
gain	5	31	-120.81
gain	31	5	-122.28
gain	5	32	-141.01
gain	32	5	-142.96
gain	5	33	-146.46
gain	33	5	-147.16
gain	5	34	-138.12
gain	34	5	-139.23
gain	5	35	-142.87
gain	35	5	-146.52
gain	5	36	-119.61
gain	36	5	-123.70
gain	5	37	-114.22
gain	37	5	-115.69
gain	5	38	-128.67
gain	38	5	-126.32
gain	5	39	-143.58
gain	39	5	-144.53
gain	5	40	-108.75
gain	40	5	-109.29
gain	5	41	-132.81
gain	41	5	-133.93
gain	5	42	-135.32
gain	42	5	-136.70
gain	5	43	-137.24
gain	43	5	-139.53
gain	5	44	-128.71
gain	44	5	-130.70
gain	5	45	-146.76
gain	45	5	-150.81
gain	5	46	-139.42
gain	46	5	-138.50
gain	5	47	-107.42
gain	47	5	-107.36
gain	5	48	-143.05
gain	48	5	-144.64
gain	6	7	-125.38
gain	7	6	-127.53
gain	6	8	-127.58
gain	8	6	-128.58
gain	6	9	-125.45
gain	9	6	-128.77
gain	6	10	-138.74
gain	10	6	-140.30
gain	6	11	-118.57
gain	11	6	-119.71
gain	6	12	-121.83
gain	12	6	-121.87
gain	6	13	-125.34
gain	13	6	-126.16
gain	6	14	-130.55
gain	14	6	-132.40
gain	6	15	-110.74
gain	15	6	-110.35
gain	6	16	-125.11
gain	16	6	-127.11
gain	6	17	-110.31
gain	17	6	-111.52
gain	6	18	-142.97
gain	18	6	-144.52
gain	6	19	-117.34
gain	19	6	-117.97
gain	6	20	-140.51
gain	20	6	-141.31
gain	6	21	-130.74
gain	21	6	-131.25
gain	6	22	-122.98
gain	22	6	-124.27
gain	6	23	-138.53
gain	23	6	-141.46
gain	6	24	-127.89
gain	24	6	-127.79
gain	6	25	-136.06
gain	25	6	-137.18
gain	6	26	-107.19
gain	26	6	-109.28
gain	6	27	-126.49
gain	27	6	-126.58
gain	6	28	-117.54
gain	28	6	-118.27
gain	6	29	-137.14
gain	29	6	-136.77
gain	6	30	-127.50
gain	30	6	-129.97
gain	6	31	-143.81
gain	31	6	-144.09
gain	6	32	-127.35
gain	32	6	-128.10
gain	6	33	-93.25
gain	33	6	-92.74
gain	6	34	-118.66
gain	34	6	-118.56
gain	6	35	-99.88
gain	35	6	-102.33
gain	6	36	-143.90
gain	36	6	-146.79
gain	6	37	-144.92
gain	37	6	-145.19
gain	6	38	-134.76
gain	38	6	-131.21
gain	6	39	-131.02
gain	39	6	-130.77
gain	6	40	-148.57
gain	40	6	-147.91
gain	6	41	-141.14
gain	41	6	-141.05
gain	6	42	-136.99
gain	42	6	-137.17
gain	6	43	-133.38
gain	43	6	-134.46
gain	6	44	-130.12
gain	44	6	-130.91
gain	6	45	-100.75
gain	45	6	-103.61
gain	6	46	-120.68
gain	46	6	-118.56
gain	6	47	-142.78
gain	47	6	-141.53
gain	6	48	-119.28
gain	48	6	-119.67
gain	7	8	-88.75
gain	8	7	-87.60
gain	7	9	-119.25
gain	9	7	-120.41
gain	7	10	-134.90
gain	10	7	-134.31
gain	7	11	-110.98
gain	11	7	-109.96
gain	7	12	-131.38
gain	12	7	-129.27
gain	7	13	-126.34
gain	13	7	-125.00
gain	7	14	-125.04
gain	14	7	-124.73
gain	7	15	-127.90
gain	15	7	-125.35
gain	7	16	-130.36
gain	16	7	-130.21
gain	7	17	-131.68
gain	17	7	-130.73
gain	7	18	-133.61
gain	18	7	-133.01
gain	7	19	-122.88
gain	19	7	-121.36
gain	7	20	-134.65
gain	20	7	-133.31
gain	7	21	-139.07
gain	21	7	-137.42
gain	7	22	-109.15
gain	22	7	-108.28
gain	7	23	-135.63
gain	23	7	-136.41
gain	7	24	-103.33
gain	24	7	-101.08
gain	7	25	-107.74
gain	25	7	-106.71
gain	7	26	-113.22
gain	26	7	-113.16
gain	7	27	-116.22
gain	27	7	-114.16
gain	7	28	-141.27
gain	28	7	-139.85
gain	7	29	-142.09
gain	29	7	-139.56
gain	7	30	-129.35
gain	30	7	-129.66
gain	7	31	-129.82
gain	31	7	-127.94
gain	7	32	-111.71
gain	32	7	-110.30
gain	7	33	-129.48
gain	33	7	-126.83
gain	7	34	-122.16
gain	34	7	-119.91
gain	7	35	-127.15
gain	35	7	-127.45
gain	7	36	-135.81
gain	36	7	-136.54
gain	7	37	-139.20
gain	37	7	-137.31
gain	7	38	-126.48
gain	38	7	-120.77
gain	7	39	-140.93
gain	39	7	-138.52
gain	7	40	-146.03
gain	40	7	-143.22
gain	7	41	-133.72
gain	41	7	-131.48
gain	7	42	-138.15
gain	42	7	-136.17
gain	7	43	-137.04
gain	43	7	-135.97
gain	7	44	-137.68
gain	44	7	-136.31
gain	7	45	-122.70
gain	45	7	-123.40
gain	7	46	-131.05
gain	46	7	-126.78
gain	7	47	-142.26
gain	47	7	-138.85
gain	7	48	-85.51
gain	48	7	-83.75
gain	8	9	-123.37
gain	9	8	-125.69
gain	8	10	-130.48
gain	10	8	-131.04
gain	8	11	-112.09
gain	11	8	-112.23
gain	8	12	-126.19
gain	12	8	-125.23
gain	8	13	-116.95
gain	13	8	-116.77
gain	8	14	-117.27
gain	14	8	-118.12
gain	8	15	-134.60
gain	15	8	-133.21
gain	8	16	-130.11
gain	16	8	-131.12
gain	8	17	-131.11
gain	17	8	-131.32
gain	8	18	-132.04
gain	18	8	-132.60
gain	8	19	-110.01
gain	19	8	-109.65
gain	8	20	-133.95
gain	20	8	-133.76
gain	8	21	-133.85
gain	21	8	-133.36
gain	8	22	-105.48
gain	22	8	-105.77
gain	8	23	-137.24
gain	23	8	-139.18
gain	8	24	-97.97
gain	24	8	-96.88
gain	8	25	-109.30
gain	25	8	-109.42
gain	8	26	-114.85
gain	26	8	-115.96
gain	8	27	-126.82
gain	27	8	-125.92
gain	8	28	-141.72
gain	28	8	-141.46
gain	8	29	-132.59
gain	29	8	-131.23
gain	8	30	-128.34
gain	30	8	-129.81
gain	8	31	-138.45
gain	31	8	-137.73
gain	8	32	-109.90
gain	32	8	-109.65
gain	8	33	-127.66
gain	33	8	-126.16
gain	8	34	-116.65
gain	34	8	-115.55
gain	8	35	-123.01
gain	35	8	-124.46
gain	8	36	-136.68
gain	36	8	-138.58
gain	8	37	-140.25
gain	37	8	-139.51
gain	8	38	-125.67
gain	38	8	-121.12
gain	8	39	-131.20
gain	39	8	-129.94
gain	8	40	-143.04
gain	40	8	-141.38
gain	8	41	-137.68
gain	41	8	-136.60
gain	8	42	-129.16
gain	42	8	-128.33
gain	8	43	-140.09
gain	43	8	-140.18
gain	8	44	-135.21
gain	44	8	-135.00
gain	8	45	-120.55
gain	45	8	-122.41
gain	8	46	-125.97
gain	46	8	-122.86
gain	8	47	-130.09
gain	47	8	-127.84
gain	8	48	-93.92
gain	48	8	-93.31
gain	9	10	-127.67
gain	10	9	-125.92
gain	9	11	-106.18
gain	11	9	-104.00
gain	9	12	-104.56
gain	12	9	-101.28
gain	9	13	-134.16
gain	13	9	-131.66
gain	9	14	-134.96
gain	14	9	-133.48
gain	9	15	-132.64
gain	15	9	-128.93
gain	9	16	-114.36
gain	16	9	-113.04
gain	9	17	-124.33
gain	17	9	-122.23
gain	9	18	-143.87
gain	18	9	-142.10
gain	9	19	-139.00
gain	19	9	-136.31
gain	9	20	-123.26
gain	20	9	-120.75
gain	9	21	-119.14
gain	21	9	-116.33
gain	9	22	-113.20
gain	22	9	-111.17
gain	9	23	-146.44
gain	23	9	-146.06
gain	9	24	-123.08
gain	24	9	-119.66
gain	9	25	-127.49
gain	25	9	-125.29
gain	9	26	-125.70
gain	26	9	-124.48
gain	9	27	-79.91
gain	27	9	-76.69
gain	9	28	-137.43
gain	28	9	-134.85
gain	9	29	-137.51
gain	29	9	-133.82
gain	9	30	-111.75
gain	30	9	-110.90
gain	9	31	-149.11
gain	31	9	-146.06
gain	9	32	-124.64
gain	32	9	-122.07
gain	9	33	-123.56
gain	33	9	-119.74
gain	9	34	-142.83
gain	34	9	-139.41
gain	9	35	-128.50
gain	35	9	-127.63
gain	9	36	-148.87
gain	36	9	-148.44
gain	9	37	-143.10
gain	37	9	-140.05
gain	9	38	-139.42
gain	38	9	-132.55
gain	9	39	-141.87
gain	39	9	-138.29
gain	9	40	-141.96
gain	40	9	-137.98
gain	9	41	-137.36
gain	41	9	-133.96
gain	9	42	-145.13
gain	42	9	-141.99
gain	9	43	-146.60
gain	43	9	-144.36
gain	9	44	-142.33
gain	44	9	-139.80
gain	9	45	-121.25
gain	45	9	-120.78
gain	9	46	-140.02
gain	46	9	-134.59
gain	9	47	-147.84
gain	47	9	-143.27
gain	9	48	-120.14
gain	48	9	-117.20
gain	10	11	-127.09
gain	11	10	-126.66
gain	10	12	-132.31
gain	12	10	-130.79
gain	10	13	-140.29
gain	13	10	-139.55
gain	10	14	-142.25
gain	14	10	-142.54
gain	10	15	-142.90
gain	15	10	-140.95
gain	10	16	-131.98
gain	16	10	-132.42
gain	10	17	-139.92
gain	17	10	-139.57
gain	10	18	-140.47
gain	18	10	-140.46
gain	10	19	-146.26
gain	19	10	-145.32
gain	10	20	-114.03
gain	20	10	-113.27
gain	10	21	-125.81
gain	21	10	-124.75
gain	10	22	-130.99
gain	22	10	-130.72
gain	10	23	-142.42
gain	23	10	-143.79
gain	10	24	-127.49
gain	24	10	-125.83
gain	10	25	-122.41
gain	25	10	-121.97
gain	10	26	-133.74
gain	26	10	-134.27
gain	10	27	-129.38
gain	27	10	-127.91
gain	10	28	-145.49
gain	28	10	-144.67
gain	10	29	-142.23
gain	29	10	-140.30
gain	10	30	-124.49
gain	30	10	-125.39
gain	10	31	-135.57
gain	31	10	-134.29
gain	10	32	-133.01
gain	32	10	-132.20
gain	10	33	-137.49
gain	33	10	-135.42
gain	10	34	-135.12
gain	34	10	-133.46
gain	10	35	-147.50
gain	35	10	-148.39
gain	10	36	-142.82
gain	36	10	-144.14
gain	10	37	-139.49
gain	37	10	-138.19
gain	10	38	-126.54
gain	38	10	-121.42
gain	10	39	-147.02
gain	39	10	-145.20
gain	10	40	-144.52
gain	40	10	-142.29
gain	10	41	-123.34
gain	41	10	-121.70
gain	10	42	-147.41
gain	42	10	-146.02
gain	10	43	-147.03
gain	43	10	-146.55
gain	10	44	-145.26
gain	44	10	-144.49
gain	10	45	-141.64
gain	45	10	-142.94
gain	10	46	-144.78
gain	46	10	-141.10
gain	10	47	-140.14
gain	47	10	-137.32
gain	10	48	-138.83
gain	48	10	-137.65
gain	11	12	-114.92
gain	12	11	-113.82
gain	11	13	-124.95
gain	13	11	-124.62
gain	11	14	-131.55
gain	14	11	-132.26
gain	11	15	-129.45
gain	15	11	-127.92
gain	11	16	-114.65
gain	16	11	-115.52
gain	11	17	-117.31
gain	17	11	-117.38
gain	11	18	-139.12
gain	18	11	-139.54
gain	11	19	-122.07
gain	19	11	-121.56
gain	11	20	-127.63
gain	20	11	-127.30
gain	11	21	-124.82
gain	21	11	-124.18
gain	11	22	-84.88
gain	22	11	-85.03
gain	11	23	-142.76
gain	23	11	-144.56
gain	11	24	-118.82
gain	24	11	-117.58
gain	11	25	-125.55
gain	25	11	-125.53
gain	11	26	-108.33
gain	26	11	-109.29
gain	11	27	-97.40
gain	27	11	-96.35
gain	11	28	-133.91
gain	28	11	-133.51
gain	11	29	-135.30
gain	29	11	-133.79
gain	11	30	-118.29
gain	30	11	-119.62
gain	11	31	-142.65
gain	31	11	-141.78
gain	11	32	-118.92
gain	32	11	-118.53
gain	11	33	-119.28
gain	33	11	-117.63
gain	11	34	-120.58
gain	34	11	-119.35
gain	11	35	-122.84
gain	35	11	-124.15
gain	11	36	-135.52
gain	36	11	-137.27
gain	11	37	-140.48
gain	37	11	-139.61
gain	11	38	-129.72
gain	38	11	-125.03
gain	11	39	-138.11
gain	39	11	-136.72
gain	11	40	-147.18
gain	40	11	-145.37
gain	11	41	-140.74
gain	41	11	-139.52
gain	11	42	-130.03
gain	42	11	-129.07
gain	11	43	-141.90
gain	43	11	-141.85
gain	11	44	-143.58
gain	44	11	-143.23
gain	11	45	-125.19
gain	45	11	-126.91
gain	11	46	-129.94
gain	46	11	-126.68
gain	11	47	-142.46
gain	47	11	-140.06
gain	11	48	-104.98
gain	48	11	-104.23
gain	12	13	-137.89
gain	13	12	-138.67
gain	12	14	-131.73
gain	14	12	-133.53
gain	12	15	-131.30
gain	15	12	-130.87
gain	12	16	-103.72
gain	16	12	-105.68
gain	12	17	-108.91
gain	17	12	-110.08
gain	12	18	-145.57
gain	18	12	-147.09
gain	12	19	-134.69
gain	19	12	-135.28
gain	12	20	-123.05
gain	20	12	-123.82
gain	12	21	-112.34
gain	21	12	-112.80
gain	12	22	-114.32
gain	22	12	-115.57
gain	12	23	-147.67
gain	23	12	-150.56
gain	12	24	-128.91
gain	24	12	-128.77
gain	12	25	-132.03
gain	25	12	-133.11
gain	12	26	-124.27
gain	26	12	-126.33
gain	12	27	-108.95
gain	27	12	-109.01
gain	12	28	-138.40
gain	28	12	-139.09
gain	12	29	-145.42
gain	29	12	-145.02
gain	12	30	-106.15
gain	30	12	-108.57
gain	12	31	-148.07
gain	31	12	-148.30
gain	12	32	-119.90
gain	32	12	-120.60
gain	12	33	-114.55
gain	33	12	-114.01
gain	12	34	-129.79
gain	34	12	-129.66
gain	12	35	-126.83
gain	35	12	-129.24
gain	12	36	-149.39
gain	36	12	-152.24
gain	12	37	-145.38
gain	37	12	-145.60
gain	12	38	-141.55
gain	38	12	-137.95
gain	12	39	-136.87
gain	39	12	-136.58
gain	12	40	-153.39
gain	40	12	-152.69
gain	12	41	-138.75
gain	41	12	-138.63
gain	12	42	-148.39
gain	42	12	-148.52
gain	12	43	-141.60
gain	43	12	-142.65
gain	12	44	-139.23
gain	44	12	-139.98
gain	12	45	-111.25
gain	45	12	-114.07
gain	12	46	-135.74
gain	46	12	-133.59
gain	12	47	-142.65
gain	47	12	-141.36
gain	12	48	-122.67
gain	48	12	-123.02
gain	13	14	-101.08
gain	14	13	-102.11
gain	13	15	-126.92
gain	15	13	-125.71
gain	13	16	-138.96
gain	16	13	-140.15
gain	13	17	-128.26
gain	17	13	-128.65
gain	13	18	-130.16
gain	18	13	-130.90
gain	13	19	-84.11
gain	19	13	-83.92
gain	13	20	-143.17
gain	20	13	-143.16
gain	13	21	-130.95
gain	21	13	-130.64
gain	13	22	-126.87
gain	22	13	-127.34
gain	13	23	-132.49
gain	23	13	-134.61
gain	13	24	-119.80
gain	24	13	-118.88
gain	13	25	-134.61
gain	25	13	-134.92
gain	13	26	-123.51
gain	26	13	-124.79
gain	13	27	-133.19
gain	27	13	-132.47
gain	13	28	-129.46
gain	28	13	-129.38
gain	13	29	-135.75
gain	29	13	-134.57
gain	13	30	-135.21
gain	30	13	-136.86
gain	13	31	-142.87
gain	31	13	-142.33
gain	13	32	-129.81
gain	32	13	-129.74
gain	13	33	-132.51
gain	33	13	-131.19
gain	13	34	-84.38
gain	34	13	-83.47
gain	13	35	-125.01
gain	35	13	-126.64
gain	13	36	-135.12
gain	36	13	-137.19
gain	13	37	-138.95
gain	37	13	-138.40
gain	13	38	-135.38
gain	38	13	-131.01
gain	13	39	-121.67
gain	39	13	-120.60
gain	13	40	-141.21
gain	40	13	-139.73
gain	13	41	-138.86
gain	41	13	-137.96
gain	13	42	-118.53
gain	42	13	-117.89
gain	13	43	-135.73
gain	43	13	-135.99
gain	13	44	-121.78
gain	44	13	-121.75
gain	13	45	-135.22
gain	45	13	-137.26
gain	13	46	-105.62
gain	46	13	-102.68
gain	13	47	-131.43
gain	47	13	-129.36
gain	13	48	-124.00
gain	48	13	-123.57
gain	14	15	-131.43
gain	15	14	-129.20
gain	14	16	-140.32
gain	16	14	-140.48
gain	14	17	-137.74
gain	17	14	-137.11
gain	14	18	-135.82
gain	18	14	-135.53
gain	14	19	-105.21
gain	19	14	-104.00
gain	14	20	-141.25
gain	20	14	-140.22
gain	14	21	-140.73
gain	21	14	-139.39
gain	14	22	-130.05
gain	22	14	-129.50
gain	14	23	-130.85
gain	23	14	-131.94
gain	14	24	-125.40
gain	24	14	-123.46
gain	14	25	-133.64
gain	25	14	-132.91
gain	14	26	-123.59
gain	26	14	-123.84
gain	14	27	-135.87
gain	27	14	-134.12
gain	14	28	-139.18
gain	28	14	-138.07
gain	14	29	-127.42
gain	29	14	-125.21
gain	14	30	-137.32
gain	30	14	-137.95
gain	14	31	-147.42
gain	31	14	-145.85
gain	14	32	-134.76
gain	32	14	-133.66
gain	14	33	-130.08
gain	33	14	-127.73
gain	14	34	-108.92
gain	34	14	-106.98
gain	14	35	-133.34
gain	35	14	-133.95
gain	14	36	-140.07
gain	36	14	-141.11
gain	14	37	-142.34
gain	37	14	-140.76
gain	14	38	-127.94
gain	38	14	-122.54
gain	14	39	-118.91
gain	39	14	-116.81
gain	14	40	-139.32
gain	40	14	-136.82
gain	14	41	-145.57
gain	41	14	-143.65
gain	14	42	-115.83
gain	42	14	-114.17
gain	14	43	-129.18
gain	43	14	-128.42
gain	14	44	-120.10
gain	44	14	-119.05
gain	14	45	-137.75
gain	45	14	-138.76
gain	14	46	-114.30
gain	46	14	-110.34
gain	14	47	-128.24
gain	47	14	-125.14
gain	14	48	-123.17
gain	48	14	-121.71
gain	15	16	-136.70
gain	16	15	-139.10
gain	15	17	-122.54
gain	17	15	-124.15
gain	15	18	-140.40
gain	18	15	-142.34
gain	15	19	-121.84
gain	19	15	-122.86
gain	15	20	-141.33
gain	20	15	-142.53
gain	15	21	-138.30
gain	21	15	-139.20
gain	15	22	-132.39
gain	22	15	-134.07
gain	15	23	-140.07
gain	23	15	-143.40
gain	15	24	-132.71
gain	24	15	-133.01
gain	15	25	-138.78
gain	25	15	-140.30
gain	15	26	-124.42
gain	26	15	-126.91
gain	15	27	-134.52
gain	27	15	-135.00
gain	15	28	-88.81
gain	28	15	-89.94
gain	15	29	-145.40
gain	29	15	-145.42
gain	15	30	-135.57
gain	30	15	-138.43
gain	15	31	-152.50
gain	31	15	-153.17
gain	15	32	-136.24
gain	32	15	-137.38
gain	15	33	-121.97
gain	33	15	-121.86
gain	15	34	-129.51
gain	34	15	-129.80
gain	15	35	-112.84
gain	35	15	-115.68
gain	15	36	-146.38
gain	36	15	-149.66
gain	15	37	-150.15
gain	37	15	-150.80
gain	15	38	-144.31
gain	38	15	-141.15
gain	15	39	-128.76
gain	39	15	-128.90
gain	15	40	-151.66
gain	40	15	-151.39
gain	15	41	-147.06
gain	41	15	-147.37
gain	15	42	-141.22
gain	42	15	-141.78
gain	15	43	-142.03
gain	43	15	-143.50
gain	15	44	-136.56
gain	44	15	-137.74
gain	15	45	-124.67
gain	45	15	-127.92
gain	15	46	-119.10
gain	46	15	-117.38
gain	15	47	-147.26
gain	47	15	-146.40
gain	15	48	-136.71
gain	48	15	-137.48
gain	16	17	-122.46
gain	17	16	-121.67
gain	16	18	-137.67
gain	18	16	-137.22
gain	16	19	-137.97
gain	19	16	-136.59
gain	16	20	-123.39
gain	20	16	-122.19
gain	16	21	-95.64
gain	21	16	-94.14
gain	16	22	-126.78
gain	22	16	-126.07
gain	16	23	-152.75
gain	23	16	-153.68
gain	16	24	-131.60
gain	24	16	-129.50
gain	16	25	-131.44
gain	25	16	-130.56
gain	16	26	-132.36
gain	26	16	-132.46
gain	16	27	-119.34
gain	27	16	-117.43
gain	16	28	-144.69
gain	28	16	-143.42
gain	16	29	-140.89
gain	29	16	-138.52
gain	16	30	-105.35
gain	30	16	-105.81
gain	16	31	-147.01
gain	31	16	-145.29
gain	16	32	-130.64
gain	32	16	-129.39
gain	16	33	-132.72
gain	33	16	-130.22
gain	16	34	-140.36
gain	34	16	-138.26
gain	16	35	-131.92
gain	35	16	-132.37
gain	16	36	-146.69
gain	36	16	-147.58
gain	16	37	-150.96
gain	37	16	-149.21
gain	16	38	-137.13
gain	38	16	-131.57
gain	16	39	-147.43
gain	39	16	-145.17
gain	16	40	-154.20
gain	40	16	-151.53
gain	16	41	-147.38
gain	41	16	-145.29
gain	16	42	-152.12
gain	42	16	-150.29
gain	16	43	-145.62
gain	43	16	-144.70
gain	16	44	-152.75
gain	44	16	-151.53
gain	16	45	-126.08
gain	45	16	-126.93
gain	16	46	-141.05
gain	46	16	-136.94
gain	16	47	-141.60
gain	47	16	-138.35
gain	16	48	-128.80
gain	48	16	-127.18
gain	17	18	-141.22
gain	18	17	-141.56
gain	17	19	-136.16
gain	19	17	-135.57
gain	17	20	-134.62
gain	20	17	-134.22
gain	17	21	-125.03
gain	21	17	-124.33
gain	17	22	-117.50
gain	22	17	-117.57
gain	17	23	-142.75
gain	23	17	-144.48
gain	17	24	-130.41
gain	24	17	-129.10
gain	17	25	-129.23
gain	25	17	-129.14
gain	17	26	-116.80
gain	26	17	-117.68
gain	17	27	-114.59
gain	27	17	-113.47
gain	17	28	-135.19
gain	28	17	-134.71
gain	17	29	-147.94
gain	29	17	-146.36
gain	17	30	-130.71
gain	30	17	-131.97
gain	17	31	-144.10
gain	31	17	-143.16
gain	17	32	-133.03
gain	32	17	-132.56
gain	17	33	-107.21
gain	33	17	-105.49
gain	17	34	-132.02
gain	34	17	-130.71
gain	17	35	-110.01
gain	35	17	-111.25
gain	17	36	-140.23
gain	36	17	-141.91
gain	17	37	-148.47
gain	37	17	-147.52
gain	17	38	-140.06
gain	38	17	-135.29
gain	17	39	-144.95
gain	39	17	-143.48
gain	17	40	-146.74
gain	40	17	-144.87
gain	17	41	-140.79
gain	41	17	-139.50
gain	17	42	-146.05
gain	42	17	-145.01
gain	17	43	-145.51
gain	43	17	-145.38
gain	17	44	-141.50
gain	44	17	-141.07
gain	17	45	-98.30
gain	45	17	-99.95
gain	17	46	-132.62
gain	46	17	-129.30
gain	17	47	-149.04
gain	47	17	-146.57
gain	17	48	-121.51
gain	48	17	-120.68
gain	18	19	-140.37
gain	19	18	-139.44
gain	18	20	-144.48
gain	20	18	-143.73
gain	18	21	-143.12
gain	21	18	-142.07
gain	18	22	-141.06
gain	22	18	-140.80
gain	18	23	-135.69
gain	23	18	-137.07
gain	18	24	-130.89
gain	24	18	-129.23
gain	18	25	-126.69
gain	25	18	-126.25
gain	18	26	-139.67
gain	26	18	-140.21
gain	18	27	-147.46
gain	27	18	-145.99
gain	18	28	-150.86
gain	28	18	-150.04
gain	18	29	-98.84
gain	29	18	-96.91
gain	18	30	-137.64
gain	30	18	-138.56
gain	18	31	-115.28
gain	31	18	-114.00
gain	18	32	-131.60
gain	32	18	-130.79
gain	18	33	-142.19
gain	33	18	-140.13
gain	18	34	-134.63
gain	34	18	-132.98
gain	18	35	-143.46
gain	35	18	-144.35
gain	18	36	-125.58
gain	36	18	-126.91
gain	18	37	-101.35
gain	37	18	-100.06
gain	18	38	-112.73
gain	38	18	-107.62
gain	18	39	-142.34
gain	39	18	-140.53
gain	18	40	-120.07
gain	40	18	-117.86
gain	18	41	-125.50
gain	41	18	-123.86
gain	18	42	-133.73
gain	42	18	-132.35
gain	18	43	-134.67
gain	43	18	-134.20
gain	18	44	-133.94
gain	44	18	-133.17
gain	18	45	-145.63
gain	45	18	-146.93
gain	18	46	-141.66
gain	46	18	-138.00
gain	18	47	-115.30
gain	47	18	-112.49
gain	18	48	-138.58
gain	48	18	-137.42
gain	19	20	-143.28
gain	20	19	-143.46
gain	19	21	-137.53
gain	21	19	-137.40
gain	19	22	-131.46
gain	22	19	-132.12
gain	19	23	-133.54
gain	23	19	-135.85
gain	19	24	-123.06
gain	24	19	-122.33
gain	19	25	-129.83
gain	25	19	-130.32
gain	19	26	-115.56
gain	26	19	-117.03
gain	19	27	-131.03
gain	27	19	-130.49
gain	19	28	-129.34
gain	28	19	-129.44
gain	19	29	-138.25
gain	29	19	-137.25
gain	19	30	-136.38
gain	30	19	-138.22
gain	19	31	-136.29
gain	31	19	-135.93
gain	19	32	-125.04
gain	32	19	-125.16
gain	19	33	-127.89
gain	33	19	-126.76
gain	19	34	-75.22
gain	34	19	-74.49
gain	19	35	-125.53
gain	35	19	-127.35
gain	19	36	-138.64
gain	36	19	-140.90
gain	19	37	-140.42
gain	37	19	-140.05
gain	19	38	-129.15
gain	38	19	-124.97
gain	19	39	-119.54
gain	39	19	-118.66
gain	19	40	-147.11
gain	40	19	-145.82
gain	19	41	-144.53
gain	41	19	-143.82
gain	19	42	-125.76
gain	42	19	-125.31
gain	19	43	-131.78
gain	43	19	-132.23
gain	19	44	-123.60
gain	44	19	-123.76
gain	19	45	-122.04
gain	45	19	-124.26
gain	19	46	-100.24
gain	46	19	-97.50
gain	19	47	-131.50
gain	47	19	-129.61
gain	19	48	-117.42
gain	48	19	-117.17
gain	20	21	-112.35
gain	21	20	-112.05
gain	20	22	-126.58
gain	22	20	-127.06
gain	20	23	-151.03
gain	23	20	-153.16
gain	20	24	-131.79
gain	24	20	-130.88
gain	20	25	-127.90
gain	25	20	-128.21
gain	20	26	-131.90
gain	26	20	-133.19
gain	20	27	-125.86
gain	27	20	-125.14
gain	20	28	-143.42
gain	28	20	-143.35
gain	20	29	-136.94
gain	29	20	-135.77
gain	20	30	-104.13
gain	30	20	-105.79
gain	20	31	-139.65
gain	31	20	-139.12
gain	20	32	-128.38
gain	32	20	-128.32
gain	20	33	-132.23
gain	33	20	-130.92
gain	20	34	-141.63
gain	34	20	-140.73
gain	20	35	-142.25
gain	35	20	-143.89
gain	20	36	-150.18
gain	36	20	-152.26
gain	20	37	-144.19
gain	37	20	-143.65
gain	20	38	-134.70
gain	38	20	-130.34
gain	20	39	-148.46
gain	39	20	-147.40
gain	20	40	-144.88
gain	40	20	-143.41
gain	20	41	-134.32
gain	41	20	-133.43
gain	20	42	-142.20
gain	42	20	-141.57
gain	20	43	-146.96
gain	43	20	-147.23
gain	20	44	-149.05
gain	44	20	-149.03
gain	20	45	-137.05
gain	45	20	-139.09
gain	20	46	-139.09
gain	46	20	-136.16
gain	20	47	-149.31
gain	47	20	-147.24
gain	20	48	-138.83
gain	48	20	-138.41
gain	21	22	-133.07
gain	22	21	-133.85
gain	21	23	-150.44
gain	23	21	-152.87
gain	21	24	-130.55
gain	24	21	-129.95
gain	21	25	-131.63
gain	25	21	-132.24
gain	21	26	-132.34
gain	26	21	-133.93
gain	21	27	-114.53
gain	27	21	-114.12
gain	21	28	-148.02
gain	28	21	-148.25
gain	21	29	-142.47
gain	29	21	-141.60
gain	21	30	-95.06
gain	30	21	-97.02
gain	21	31	-144.50
gain	31	21	-144.27
gain	21	32	-123.35
gain	32	21	-123.59
gain	21	33	-134.01
gain	33	21	-133.00
gain	21	34	-133.73
gain	34	21	-133.13
gain	21	35	-134.41
gain	35	21	-136.35
gain	21	36	-148.63
gain	36	21	-151.02
gain	21	37	-146.25
gain	37	21	-146.01
gain	21	38	-131.88
gain	38	21	-127.82
gain	21	39	-144.65
gain	39	21	-143.89
gain	21	40	-153.67
gain	40	21	-152.50
gain	21	41	-140.38
gain	41	21	-139.79
gain	21	42	-142.61
gain	42	21	-142.28
gain	21	43	-148.84
gain	43	21	-149.42
gain	21	44	-147.08
gain	44	21	-147.37
gain	21	45	-130.63
gain	45	21	-132.98
gain	21	46	-140.62
gain	46	21	-138.00
gain	21	47	-150.77
gain	47	21	-149.02
gain	21	48	-126.21
gain	48	21	-126.09
gain	22	23	-142.66
gain	23	22	-144.31
gain	22	24	-113.36
gain	24	22	-111.98
gain	22	25	-118.66
gain	25	22	-118.49
gain	22	26	-108.16
gain	26	22	-108.97
gain	22	27	-108.22
gain	27	22	-107.02
gain	22	28	-131.98
gain	28	22	-131.42
gain	22	29	-134.52
gain	29	22	-132.86
gain	22	30	-116.91
gain	30	22	-118.09
gain	22	31	-135.16
gain	31	22	-134.14
gain	22	32	-109.22
gain	32	22	-108.67
gain	22	33	-126.34
gain	33	22	-124.55
gain	22	34	-125.27
gain	34	22	-123.88
gain	22	35	-131.47
gain	35	22	-132.63
gain	22	36	-143.10
gain	36	22	-144.70
gain	22	37	-133.58
gain	37	22	-132.55
gain	22	38	-127.48
gain	38	22	-122.64
gain	22	39	-133.55
gain	39	22	-132.01
gain	22	40	-149.24
gain	40	22	-147.29
gain	22	41	-140.28
gain	41	22	-138.91
gain	22	42	-132.60
gain	42	22	-131.48
gain	22	43	-138.36
gain	43	22	-138.15
gain	22	44	-138.31
gain	44	22	-137.81
gain	22	45	-126.80
gain	45	22	-128.36
gain	22	46	-128.94
gain	46	22	-125.54
gain	22	47	-134.92
gain	47	22	-132.37
gain	22	48	-102.44
gain	48	22	-101.53
gain	23	24	-142.62
gain	24	23	-139.59
gain	23	25	-140.74
gain	25	23	-138.93
gain	23	26	-145.72
gain	26	23	-144.88
gain	23	27	-148.32
gain	27	23	-145.48
gain	23	28	-145.97
gain	28	23	-143.77
gain	23	29	-132.68
gain	29	23	-129.37
gain	23	30	-150.26
gain	30	23	-149.79
gain	23	31	-141.84
gain	31	23	-139.18
gain	23	32	-144.60
gain	32	23	-142.41
gain	23	33	-146.61
gain	33	23	-143.17
gain	23	34	-137.23
gain	34	23	-134.20
gain	23	35	-147.59
gain	35	23	-147.10
gain	23	36	-120.12
gain	36	23	-120.07
gain	23	37	-139.14
gain	37	23	-136.46
gain	23	38	-139.10
gain	38	23	-132.61
gain	23	39	-126.16
gain	39	23	-122.97
gain	23	40	-140.23
gain	40	23	-136.64
gain	23	41	-149.45
gain	41	23	-146.43
gain	23	42	-114.93
gain	42	23	-112.17
gain	23	43	-82.45
gain	43	23	-80.59
gain	23	44	-105.28
gain	44	23	-103.13
gain	23	45	-145.02
gain	45	23	-144.94
gain	23	46	-141.09
gain	46	23	-136.04
gain	23	47	-132.49
gain	47	23	-128.30
gain	23	48	-142.99
gain	48	23	-140.44
gain	24	25	-103.96
gain	25	24	-105.17
gain	24	26	-117.65
gain	26	24	-119.85
gain	24	27	-126.42
gain	27	24	-126.61
gain	24	28	-136.26
gain	28	24	-137.10
gain	24	29	-127.13
gain	29	24	-126.86
gain	24	30	-122.27
gain	30	24	-124.83
gain	24	31	-132.60
gain	31	24	-132.97
gain	24	32	-94.45
gain	32	24	-95.30
gain	24	33	-139.40
gain	33	24	-138.99
gain	24	34	-119.80
gain	34	24	-119.80
gain	24	35	-132.78
gain	35	24	-135.32
gain	24	36	-140.17
gain	36	24	-143.15
gain	24	37	-134.71
gain	37	24	-135.07
gain	24	38	-116.28
gain	38	24	-112.83
gain	24	39	-127.49
gain	39	24	-127.34
gain	24	40	-140.64
gain	40	24	-140.08
gain	24	41	-126.19
gain	41	24	-126.21
gain	24	42	-130.19
gain	42	24	-130.46
gain	24	43	-134.39
gain	43	24	-135.57
gain	24	44	-131.61
gain	44	24	-132.49
gain	24	45	-129.15
gain	45	24	-132.10
gain	24	46	-133.47
gain	46	24	-131.45
gain	24	47	-130.23
gain	47	24	-129.07
gain	24	48	-107.27
gain	48	24	-107.76
gain	25	26	-126.19
gain	26	25	-127.17
gain	25	27	-127.80
gain	27	25	-126.77
gain	25	28	-145.99
gain	28	25	-145.61
gain	25	29	-133.12
gain	29	25	-131.63
gain	25	30	-133.61
gain	30	25	-134.96
gain	25	31	-127.58
gain	31	25	-126.73
gain	25	32	-96.69
gain	32	25	-96.32
gain	25	33	-136.19
gain	33	25	-134.57
gain	25	34	-131.16
gain	34	25	-129.94
gain	25	35	-133.99
gain	35	25	-135.32
gain	25	36	-138.15
gain	36	25	-139.91
gain	25	37	-129.02
gain	37	25	-128.17
gain	25	38	-108.91
gain	38	25	-104.23
gain	25	39	-138.85
gain	39	25	-137.47
gain	25	40	-128.57
gain	40	25	-126.79
gain	25	41	-125.75
gain	41	25	-124.55
gain	25	42	-134.88
gain	42	25	-133.93
gain	25	43	-135.94
gain	43	25	-135.90
gain	25	44	-139.85
gain	44	25	-139.52
gain	25	45	-136.19
gain	45	25	-137.92
gain	25	46	-130.73
gain	46	25	-127.49
gain	25	47	-132.08
gain	47	25	-129.70
gain	25	48	-124.81
gain	48	25	-124.08
gain	26	27	-119.49
gain	27	26	-117.49
gain	26	28	-125.61
gain	28	26	-124.25
gain	26	29	-140.30
gain	29	26	-137.83
gain	26	30	-134.80
gain	30	26	-135.17
gain	26	31	-141.41
gain	31	26	-139.58
gain	26	32	-119.88
gain	32	26	-118.53
gain	26	33	-116.70
gain	33	26	-114.10
gain	26	34	-114.94
gain	34	26	-112.74
gain	26	35	-119.35
gain	35	26	-119.70
gain	26	36	-142.50
gain	36	26	-143.29
gain	26	37	-140.35
gain	37	26	-138.51
gain	26	38	-137.91
gain	38	26	-132.25
gain	26	39	-132.82
gain	39	26	-130.47
gain	26	40	-145.95
gain	40	26	-143.19
gain	26	41	-146.45
gain	41	26	-144.27
gain	26	42	-129.34
gain	42	26	-127.42
gain	26	43	-135.92
gain	43	26	-134.90
gain	26	44	-141.93
gain	44	26	-140.62
gain	26	45	-114.99
gain	45	26	-115.75
gain	26	46	-116.89
gain	46	26	-112.68
gain	26	47	-139.10
gain	47	26	-135.75
gain	26	48	-108.30
gain	48	26	-106.59
gain	27	28	-137.13
gain	28	27	-137.77
gain	27	29	-138.96
gain	29	27	-138.50
gain	27	30	-108.63
gain	30	27	-111.01
gain	27	31	-138.47
gain	31	27	-138.65
gain	27	32	-121.47
gain	32	27	-122.13
gain	27	33	-117.95
gain	33	27	-117.35
gain	27	34	-127.23
gain	34	27	-127.04
gain	27	35	-124.91
gain	35	27	-127.27
gain	27	36	-143.41
gain	36	27	-146.21
gain	27	37	-136.81
gain	37	27	-136.98
gain	27	38	-131.76
gain	38	27	-128.11
gain	27	39	-134.45
gain	39	27	-134.11
gain	27	40	-140.31
gain	40	27	-139.56
gain	27	41	-139.96
gain	41	27	-139.79
gain	27	42	-140.53
gain	42	27	-140.62
gain	27	43	-145.32
gain	43	27	-146.32
gain	27	44	-140.07
gain	44	27	-140.77
gain	27	45	-114.96
gain	45	27	-117.73
gain	27	46	-129.29
gain	46	27	-127.09
gain	27	47	-138.45
gain	47	27	-137.10
gain	27	48	-117.49
gain	48	27	-117.78
gain	28	29	-142.44
gain	29	28	-141.34
gain	28	30	-143.65
gain	30	28	-145.39
gain	28	31	-146.23
gain	31	28	-145.76
gain	28	32	-140.56
gain	32	28	-140.58
gain	28	33	-127.73
gain	33	28	-126.50
gain	28	34	-131.46
gain	34	28	-130.63
gain	28	35	-121.44
gain	35	28	-123.15
gain	28	36	-146.35
gain	36	28	-148.51
gain	28	37	-150.08
gain	37	28	-149.61
gain	28	38	-143.82
gain	38	28	-139.53
gain	28	39	-132.68
gain	39	28	-131.69
gain	28	40	-150.58
gain	40	28	-149.18
gain	28	41	-149.00
gain	41	28	-148.18
gain	28	42	-137.89
gain	42	28	-137.33
gain	28	43	-144.98
gain	43	28	-145.33
gain	28	44	-136.93
gain	44	28	-136.99
gain	28	45	-124.83
gain	45	28	-126.95
gain	28	46	-127.38
gain	46	28	-124.53
gain	28	47	-141.95
gain	47	28	-139.96
gain	28	48	-131.77
gain	48	28	-131.42
gain	29	30	-140.21
gain	30	29	-143.04
gain	29	31	-120.49
gain	31	29	-121.13
gain	29	32	-125.66
gain	32	29	-126.77
gain	29	33	-140.69
gain	33	29	-140.55
gain	29	34	-131.91
gain	34	29	-132.18
gain	29	35	-142.25
gain	35	29	-145.07
gain	29	36	-117.27
gain	36	29	-120.53
gain	29	37	-107.36
gain	37	29	-107.99
gain	29	38	-110.69
gain	38	29	-107.50
gain	29	39	-139.53
gain	39	29	-139.64
gain	29	40	-115.25
gain	40	29	-114.95
gain	29	41	-128.94
gain	41	29	-129.22
gain	29	42	-124.89
gain	42	29	-125.44
gain	29	43	-134.41
gain	43	29	-135.86
gain	29	44	-124.46
gain	44	29	-125.61
gain	29	45	-143.38
gain	45	29	-146.60
gain	29	46	-138.62
gain	46	29	-136.88
gain	29	47	-93.98
gain	47	29	-93.09
gain	29	48	-134.04
gain	48	29	-134.80
gain	30	31	-142.72
gain	31	30	-140.53
gain	30	32	-118.76
gain	32	30	-117.04
gain	30	33	-133.95
gain	33	30	-130.97
gain	30	34	-137.35
gain	34	30	-134.79
gain	30	35	-130.10
gain	35	30	-130.08
gain	30	36	-150.45
gain	36	30	-150.87
gain	30	37	-141.26
gain	37	30	-139.05
gain	30	38	-129.75
gain	38	30	-123.72
gain	30	39	-141.74
gain	39	30	-139.02
gain	30	40	-148.88
gain	40	30	-145.75
gain	30	41	-134.76
gain	41	30	-132.21
gain	30	42	-146.64
gain	42	30	-144.34
gain	30	43	-149.70
gain	43	30	-148.32
gain	30	44	-148.89
gain	44	30	-147.21
gain	30	45	-127.50
gain	45	30	-127.89
gain	30	46	-139.96
gain	46	30	-135.37
gain	30	47	-146.24
gain	47	30	-142.51
gain	30	48	-125.56
gain	48	30	-123.47
gain	31	32	-139.31
gain	32	31	-139.78
gain	31	33	-147.64
gain	33	31	-146.86
gain	31	34	-141.86
gain	34	31	-141.49
gain	31	35	-138.51
gain	35	31	-140.69
gain	31	36	-130.55
gain	36	31	-133.17
gain	31	37	-95.54
gain	37	31	-95.53
gain	31	38	-119.84
gain	38	31	-116.02
gain	31	39	-140.74
gain	39	31	-140.21
gain	31	40	-114.33
gain	40	31	-113.39
gain	31	41	-121.94
gain	41	31	-121.58
gain	31	42	-139.94
gain	42	31	-139.84
gain	31	43	-140.04
gain	43	31	-140.85
gain	31	44	-139.11
gain	44	31	-139.62
gain	31	45	-143.91
gain	45	31	-146.49
gain	31	46	-141.73
gain	46	31	-139.34
gain	31	47	-124.60
gain	47	31	-123.08
gain	31	48	-140.72
gain	48	31	-140.84
gain	32	33	-134.25
gain	33	32	-133.00
gain	32	34	-124.56
gain	34	32	-123.71
gain	32	35	-133.35
gain	35	32	-135.05
gain	32	36	-144.49
gain	36	32	-146.63
gain	32	37	-130.89
gain	37	32	-130.40
gain	32	38	-123.63
gain	38	32	-119.33
gain	32	39	-140.88
gain	39	32	-139.88
gain	32	40	-140.68
gain	40	32	-139.27
gain	32	41	-133.62
gain	41	32	-132.79
gain	32	42	-135.32
gain	42	32	-134.75
gain	32	43	-137.48
gain	43	32	-137.82
gain	32	44	-138.96
gain	44	32	-139.00
gain	32	45	-132.25
gain	45	32	-134.36
gain	32	46	-132.17
gain	46	32	-129.31
gain	32	47	-132.88
gain	47	32	-130.87
gain	32	48	-114.65
gain	48	32	-114.29
gain	33	34	-118.49
gain	34	33	-118.90
gain	33	35	-84.93
gain	35	33	-87.88
gain	33	36	-143.21
gain	36	33	-146.61
gain	33	37	-147.37
gain	37	33	-148.14
gain	33	38	-141.77
gain	38	33	-138.72
gain	33	39	-140.90
gain	39	33	-141.15
gain	33	40	-151.20
gain	40	33	-151.04
gain	33	41	-144.49
gain	41	33	-144.91
gain	33	42	-134.92
gain	42	33	-135.60
gain	33	43	-142.16
gain	43	33	-143.75
gain	33	44	-135.51
gain	44	33	-136.80
gain	33	45	-73.80
gain	45	33	-77.16
gain	33	46	-125.09
gain	46	33	-123.48
gain	33	47	-143.74
gain	47	33	-142.99
gain	33	48	-126.02
gain	48	33	-126.91
gain	34	35	-127.18
gain	35	34	-129.72
gain	34	36	-134.27
gain	36	34	-137.25
gain	34	37	-139.61
gain	37	34	-139.97
gain	34	38	-137.69
gain	38	34	-134.23
gain	34	39	-123.57
gain	39	34	-123.42
gain	34	40	-145.96
gain	40	34	-145.40
gain	34	41	-145.35
gain	41	34	-145.37
gain	34	42	-128.59
gain	42	34	-128.86
gain	34	43	-136.25
gain	43	34	-137.43
gain	34	44	-130.84
gain	44	34	-131.73
gain	34	45	-128.67
gain	45	34	-131.62
gain	34	46	-96.15
gain	46	34	-94.13
gain	34	47	-133.40
gain	47	34	-132.24
gain	34	48	-112.56
gain	48	34	-113.05
gain	35	36	-147.15
gain	36	35	-147.59
gain	35	37	-149.00
gain	37	35	-146.81
gain	35	38	-146.45
gain	38	35	-140.44
gain	35	39	-131.20
gain	39	35	-128.50
gain	35	40	-151.62
gain	40	35	-148.51
gain	35	41	-143.34
gain	41	35	-140.81
gain	35	42	-141.99
gain	42	35	-139.72
gain	35	43	-147.24
gain	43	35	-145.87
gain	35	44	-140.38
gain	44	35	-138.72
gain	35	45	-94.66
gain	45	35	-95.06
gain	35	46	-129.09
gain	46	35	-124.53
gain	35	47	-148.51
gain	47	35	-144.80
gain	35	48	-126.47
gain	48	35	-124.40
gain	36	37	-129.20
gain	37	36	-126.57
gain	36	38	-133.56
gain	38	36	-127.12
gain	36	39	-140.99
gain	39	36	-137.85
gain	36	40	-134.60
gain	40	36	-131.05
gain	36	41	-133.37
gain	41	36	-130.40
gain	36	42	-131.13
gain	42	36	-128.41
gain	36	43	-125.78
gain	43	36	-123.98
gain	36	44	-120.17
gain	44	36	-118.07
gain	36	45	-151.43
gain	45	36	-151.40
gain	36	46	-139.91
gain	46	36	-134.91
gain	36	47	-102.61
gain	47	36	-98.47
gain	36	48	-141.07
gain	48	36	-138.57
gain	37	38	-113.52
gain	38	37	-109.70
gain	37	39	-143.53
gain	39	37	-143.01
gain	37	40	-112.77
gain	40	37	-111.85
gain	37	41	-122.92
gain	41	37	-122.57
gain	37	42	-140.71
gain	42	37	-140.63
gain	37	43	-136.18
gain	43	37	-137.00
gain	37	44	-133.98
gain	44	37	-134.50
gain	37	45	-151.57
gain	45	37	-154.16
gain	37	46	-139.90
gain	46	37	-137.52
gain	37	47	-120.35
gain	47	37	-118.83
gain	37	48	-136.33
gain	48	37	-136.45
gain	38	39	-131.70
gain	39	38	-135.00
gain	38	40	-125.68
gain	40	38	-128.58
gain	38	41	-116.60
gain	41	38	-120.07
gain	38	42	-121.93
gain	42	38	-125.66
gain	38	43	-134.89
gain	43	38	-139.53
gain	38	44	-130.02
gain	44	38	-134.36
gain	38	45	-136.59
gain	45	38	-143.00
gain	38	46	-132.96
gain	46	38	-134.40
gain	38	47	-120.41
gain	47	38	-122.71
gain	38	48	-127.06
gain	48	38	-131.00
gain	39	40	-151.25
gain	40	39	-150.84
gain	39	41	-151.39
gain	41	39	-151.57
gain	39	42	-119.60
gain	42	39	-120.03
gain	39	43	-127.39
gain	43	39	-128.73
gain	39	44	-116.89
gain	44	39	-117.93
gain	39	45	-138.06
gain	45	39	-141.17
gain	39	46	-118.63
gain	46	39	-116.77
gain	39	47	-133.62
gain	47	39	-132.62
gain	39	48	-129.38
gain	48	39	-130.03
gain	40	41	-125.21
gain	41	40	-125.79
gain	40	42	-136.17
gain	42	40	-137.01
gain	40	43	-143.96
gain	43	40	-145.70
gain	40	44	-134.98
gain	44	40	-136.43
gain	40	45	-143.29
gain	45	40	-146.80
gain	40	46	-141.67
gain	46	40	-140.21
gain	40	47	-123.31
gain	47	40	-122.72
gain	40	48	-136.58
gain	48	40	-137.63
gain	41	42	-143.37
gain	42	41	-143.63
gain	41	43	-143.92
gain	43	41	-145.09
gain	41	44	-141.81
gain	44	41	-142.69
gain	41	45	-144.88
gain	45	41	-147.82
gain	41	46	-142.62
gain	46	41	-140.59
gain	41	47	-139.08
gain	47	41	-137.91
gain	41	48	-132.05
gain	48	41	-132.52
gain	42	43	-116.23
gain	43	42	-117.14
gain	42	44	-84.28
gain	44	42	-84.90
gain	42	45	-140.55
gain	45	42	-143.23
gain	42	46	-128.35
gain	46	42	-126.06
gain	42	47	-125.18
gain	47	42	-123.75
gain	42	48	-132.55
gain	48	42	-132.76
gain	43	44	-109.00
gain	44	43	-108.70
gain	43	45	-142.65
gain	45	43	-144.42
gain	43	46	-132.36
gain	46	43	-129.16
gain	43	47	-128.89
gain	47	43	-126.55
gain	43	48	-135.30
gain	48	43	-134.61
gain	44	45	-140.58
gain	45	44	-142.65
gain	44	46	-130.58
gain	46	44	-127.68
gain	44	47	-127.54
gain	47	44	-125.49
gain	44	48	-130.80
gain	48	44	-130.39
gain	45	46	-131.69
gain	46	45	-126.72
gain	45	47	-147.77
gain	47	45	-143.66
gain	45	48	-125.41
gain	48	45	-122.94
gain	46	47	-137.09
gain	47	46	-137.94
gain	46	48	-121.72
gain	48	46	-124.22
gain	47	48	-132.99
gain	48	47	-134.64
noise	0	-104.84	4.00
noise	1	-103.44	4.00
noise	2	-103.35	4.00
noise	3	-105.68	4.00
noise	4	-103.78	4.00
noise	5	-107.07	4.00
noise	6	-104.31	4.00
noise	7	-103.57	4.00
noise	8	-105.24	4.00
noise	9	-104.00	4.00
noise	10	-104.68	4.00
noise	11	-104.53	4.00
noise	12	-105.42	4.00
noise	13	-105.93	4.00
noise	14	-104.13	4.00
noise	15	-106.31	4.00
noise	16	-103.65	4.00
noise	17	-104.78	4.00
noise	18	-104.45	4.00
noise	19	-105.01	4.00
noise	20	-105.23	4.00
noise	21	-105.57	4.00
noise	22	-105.29	4.00
noise	23	-103.23	4.00
noise	24	-104.79	4.00
noise	25	-105.04	4.00
noise	26	-105.73	4.00
noise	27	-105.25	4.00
noise	28	-105.05	4.00
noise	29	-105.21	4.00
noise	30	-104.16	4.00
noise	31	-105.55	4.00
noise	32	-104.85	4.00
noise	33	-104.47	4.00
noise	34	-104.95	4.00
noise	35	-104.53	4.00
noise	36	-103.20	4.00
noise	37	-104.46	4.00
noise	38	-107.64	4.00
noise	39	-105.69	4.00
noise	40	-105.44	4.00
noise	41	-105.73	4.00
noise	42	-106.06	4.00
noise	43	-105.62	4.00
noise	44	-104.32	4.00
noise	45	-102.99	4.00
noise	46	-106.93	4.00
noise	47	-106.12	4.00
noise	48	-106.26	4.00
